{"/Users/rowjay/DEV/nardy-books/src/config/env.ts": {"path":"/Users/rowjay/DEV/nardy-books/src/config/env.ts","statementMap":{"0":{"start":{"line":1,"column":0},"end":{"line":1,"column":28}},"1":{"start":{"line":3,"column":0},"end":{"line":3,"column":16}},"2":{"start":{"line":5,"column":12},"end":{"line":27,"column":2}},"3":{"start":{"line":29,"column":0},"end":{"line":29,"column":19}}},"fnMap":{},"branchMap":{"0":{"loc":{"start":{"line":6,"column":12},"end":{"line":6,"column":49}},"type":"binary-expr","locations":[{"start":{"line":6,"column":12},"end":{"line":6,"column":32}},{"start":{"line":6,"column":36},"end":{"line":6,"column":49}}]},"1":{"loc":{"start":{"line":7,"column":8},"end":{"line":7,"column":34}},"type":"binary-expr","locations":[{"start":{"line":7,"column":8},"end":{"line":7,"column":24}},{"start":{"line":7,"column":28},"end":{"line":7,"column":34}}]},"2":{"loc":{"start":{"line":8,"column":13},"end":{"line":8,"column":77}},"type":"binary-expr","locations":[{"start":{"line":8,"column":13},"end":{"line":8,"column":34}},{"start":{"line":8,"column":38},"end":{"line":8,"column":77}}]},"3":{"loc":{"start":{"line":9,"column":14},"end":{"line":9,"column":42}},"type":"binary-expr","locations":[{"start":{"line":9,"column":14},"end":{"line":9,"column":36}},{"start":{"line":9,"column":40},"end":{"line":9,"column":42}}]},"4":{"loc":{"start":{"line":10,"column":13},"end":{"line":10,"column":44}},"type":"binary-expr","locations":[{"start":{"line":10,"column":13},"end":{"line":10,"column":34}},{"start":{"line":10,"column":38},"end":{"line":10,"column":44}}]},"5":{"loc":{"start":{"line":11,"column":28},"end":{"line":11,"column":70}},"type":"binary-expr","locations":[{"start":{"line":11,"column":28},"end":{"line":11,"column":64}},{"start":{"line":11,"column":68},"end":{"line":11,"column":70}}]},"6":{"loc":{"start":{"line":12,"column":31},"end":{"line":12,"column":76}},"type":"binary-expr","locations":[{"start":{"line":12,"column":31},"end":{"line":12,"column":70}},{"start":{"line":12,"column":74},"end":{"line":12,"column":76}}]},"7":{"loc":{"start":{"line":13,"column":18},"end":{"line":13,"column":50}},"type":"binary-expr","locations":[{"start":{"line":13,"column":18},"end":{"line":13,"column":44}},{"start":{"line":13,"column":48},"end":{"line":13,"column":50}}]},"8":{"loc":{"start":{"line":14,"column":18},"end":{"line":14,"column":50}},"type":"binary-expr","locations":[{"start":{"line":14,"column":18},"end":{"line":14,"column":44}},{"start":{"line":14,"column":48},"end":{"line":14,"column":50}}]},"9":{"loc":{"start":{"line":15,"column":14},"end":{"line":15,"column":42}},"type":"binary-expr","locations":[{"start":{"line":15,"column":14},"end":{"line":15,"column":36}},{"start":{"line":15,"column":40},"end":{"line":15,"column":42}}]},"10":{"loc":{"start":{"line":16,"column":14},"end":{"line":16,"column":42}},"type":"binary-expr","locations":[{"start":{"line":16,"column":14},"end":{"line":16,"column":36}},{"start":{"line":16,"column":40},"end":{"line":16,"column":42}}]},"11":{"loc":{"start":{"line":17,"column":17},"end":{"line":17,"column":48}},"type":"binary-expr","locations":[{"start":{"line":17,"column":17},"end":{"line":17,"column":42}},{"start":{"line":17,"column":46},"end":{"line":17,"column":48}}]},"12":{"loc":{"start":{"line":18,"column":26},"end":{"line":18,"column":66}},"type":"binary-expr","locations":[{"start":{"line":18,"column":26},"end":{"line":18,"column":60}},{"start":{"line":18,"column":64},"end":{"line":18,"column":66}}]},"13":{"loc":{"start":{"line":19,"column":22},"end":{"line":19,"column":58}},"type":"binary-expr","locations":[{"start":{"line":19,"column":22},"end":{"line":19,"column":52}},{"start":{"line":19,"column":56},"end":{"line":19,"column":58}}]},"14":{"loc":{"start":{"line":20,"column":24},"end":{"line":20,"column":62}},"type":"binary-expr","locations":[{"start":{"line":20,"column":24},"end":{"line":20,"column":56}},{"start":{"line":20,"column":60},"end":{"line":20,"column":62}}]},"15":{"loc":{"start":{"line":21,"column":28},"end":{"line":21,"column":70}},"type":"binary-expr","locations":[{"start":{"line":21,"column":28},"end":{"line":21,"column":64}},{"start":{"line":21,"column":68},"end":{"line":21,"column":70}}]},"16":{"loc":{"start":{"line":22,"column":22},"end":{"line":22,"column":58}},"type":"binary-expr","locations":[{"start":{"line":22,"column":22},"end":{"line":22,"column":52}},{"start":{"line":22,"column":56},"end":{"line":22,"column":58}}]},"17":{"loc":{"start":{"line":23,"column":14},"end":{"line":23,"column":42}},"type":"binary-expr","locations":[{"start":{"line":23,"column":14},"end":{"line":23,"column":36}},{"start":{"line":23,"column":40},"end":{"line":23,"column":42}}]},"18":{"loc":{"start":{"line":24,"column":16},"end":{"line":24,"column":46}},"type":"binary-expr","locations":[{"start":{"line":24,"column":16},"end":{"line":24,"column":40}},{"start":{"line":24,"column":44},"end":{"line":24,"column":46}}]},"19":{"loc":{"start":{"line":25,"column":27},"end":{"line":25,"column":68}},"type":"binary-expr","locations":[{"start":{"line":25,"column":27},"end":{"line":25,"column":62}},{"start":{"line":25,"column":66},"end":{"line":25,"column":68}}]}},"s":{"0":2,"1":2,"2":2,"3":2},"f":{},"b":{"0":[2,0],"1":[2,0],"2":[2,0],"3":[2,0],"4":[2,2],"5":[2,0],"6":[2,0],"7":[2,0],"8":[2,0],"9":[2,0],"10":[2,0],"11":[2,0],"12":[2,0],"13":[2,0],"14":[2,0],"15":[2,0],"16":[2,0],"17":[2,0],"18":[2,0],"19":[2,2]}}
,"/Users/rowjay/DEV/nardy-books/src/controllers/authorController.ts": {"path":"/Users/rowjay/DEV/nardy-books/src/controllers/authorController.ts","statementMap":{"0":{"start":{"line":2,"column":0},"end":{"line":2,"column":33}},"1":{"start":{"line":3,"column":0},"end":{"line":3,"column":59}},"2":{"start":{"line":4,"column":0},"end":{"line":4,"column":45}},"3":{"start":{"line":5,"column":0},"end":{"line":5,"column":41}},"4":{"start":{"line":14,"column":13},"end":{"line":24,"column":2}},"5":{"start":{"line":15,"column":60},"end":{"line":23,"column":null}},"6":{"start":{"line":16,"column":19},"end":{"line":16,"column":61}},"7":{"start":{"line":17,"column":4},"end":{"line":22,"column":7}},"8":{"start":{"line":33,"column":13},"end":{"line":47,"column":2}},"9":{"start":{"line":34,"column":60},"end":{"line":46,"column":null}},"10":{"start":{"line":35,"column":21},"end":{"line":35,"column":54}},"11":{"start":{"line":36,"column":19},"end":{"line":36,"column":62}},"12":{"start":{"line":37,"column":4},"end":{"line":39,"column":5}},"13":{"start":{"line":38,"column":6},"end":{"line":38,"column":69}},"14":{"start":{"line":40,"column":4},"end":{"line":45,"column":7}},"15":{"start":{"line":56,"column":13},"end":{"line":84,"column":2}},"16":{"start":{"line":57,"column":60},"end":{"line":83,"column":null}},"17":{"start":{"line":64,"column":8},"end":{"line":64,"column":17}},"18":{"start":{"line":66,"column":24},"end":{"line":71,"column":null}},"19":{"start":{"line":74,"column":4},"end":{"line":82,"column":7}},"20":{"start":{"line":93,"column":13},"end":{"line":107,"column":2}},"21":{"start":{"line":94,"column":60},"end":{"line":106,"column":null}},"22":{"start":{"line":95,"column":21},"end":{"line":95,"column":54}},"23":{"start":{"line":96,"column":19},"end":{"line":96,"column":75}},"24":{"start":{"line":97,"column":4},"end":{"line":99,"column":5}},"25":{"start":{"line":98,"column":6},"end":{"line":98,"column":69}},"26":{"start":{"line":100,"column":4},"end":{"line":105,"column":7}},"27":{"start":{"line":116,"column":13},"end":{"line":129,"column":2}},"28":{"start":{"line":117,"column":60},"end":{"line":128,"column":null}},"29":{"start":{"line":118,"column":21},"end":{"line":118,"column":54}},"30":{"start":{"line":119,"column":19},"end":{"line":119,"column":65}},"31":{"start":{"line":120,"column":4},"end":{"line":122,"column":5}},"32":{"start":{"line":121,"column":6},"end":{"line":121,"column":69}},"33":{"start":{"line":123,"column":4},"end":{"line":127,"column":7}},"34":{"start":{"line":138,"column":13},"end":{"line":153,"column":2}},"35":{"start":{"line":139,"column":60},"end":{"line":152,"column":null}},"36":{"start":{"line":140,"column":21},"end":{"line":140,"column":60}},"37":{"start":{"line":141,"column":19},"end":{"line":141,"column":56}},"38":{"start":{"line":142,"column":19},"end":{"line":142,"column":72}},"39":{"start":{"line":143,"column":4},"end":{"line":145,"column":5}},"40":{"start":{"line":144,"column":6},"end":{"line":144,"column":69}},"41":{"start":{"line":146,"column":4},"end":{"line":151,"column":7}}},"fnMap":{"0":{"name":"(anonymous_14)","decl":{"start":{"line":15,"column":2},"end":{"line":15,"column":9}},"loc":{"start":{"line":15,"column":60},"end":{"line":23,"column":null}}},"1":{"name":"(anonymous_15)","decl":{"start":{"line":15,"column":60},"end":{"line":15,"column":null}},"loc":{"start":{"line":15,"column":60},"end":{"line":23,"column":3}}},"2":{"name":"(anonymous_16)","decl":{"start":{"line":34,"column":2},"end":{"line":34,"column":9}},"loc":{"start":{"line":34,"column":60},"end":{"line":46,"column":null}}},"3":{"name":"(anonymous_17)","decl":{"start":{"line":34,"column":60},"end":{"line":34,"column":null}},"loc":{"start":{"line":34,"column":60},"end":{"line":46,"column":3}}},"4":{"name":"(anonymous_18)","decl":{"start":{"line":57,"column":2},"end":{"line":57,"column":9}},"loc":{"start":{"line":57,"column":60},"end":{"line":83,"column":null}}},"5":{"name":"(anonymous_19)","decl":{"start":{"line":57,"column":60},"end":{"line":57,"column":null}},"loc":{"start":{"line":57,"column":60},"end":{"line":83,"column":3}}},"6":{"name":"(anonymous_20)","decl":{"start":{"line":94,"column":2},"end":{"line":94,"column":9}},"loc":{"start":{"line":94,"column":60},"end":{"line":106,"column":null}}},"7":{"name":"(anonymous_21)","decl":{"start":{"line":94,"column":60},"end":{"line":94,"column":null}},"loc":{"start":{"line":94,"column":60},"end":{"line":106,"column":3}}},"8":{"name":"(anonymous_22)","decl":{"start":{"line":117,"column":2},"end":{"line":117,"column":9}},"loc":{"start":{"line":117,"column":60},"end":{"line":128,"column":null}}},"9":{"name":"(anonymous_23)","decl":{"start":{"line":117,"column":60},"end":{"line":117,"column":null}},"loc":{"start":{"line":117,"column":60},"end":{"line":128,"column":3}}},"10":{"name":"(anonymous_24)","decl":{"start":{"line":139,"column":2},"end":{"line":139,"column":9}},"loc":{"start":{"line":139,"column":60},"end":{"line":152,"column":null}}},"11":{"name":"(anonymous_25)","decl":{"start":{"line":139,"column":60},"end":{"line":139,"column":null}},"loc":{"start":{"line":139,"column":60},"end":{"line":152,"column":3}}}},"branchMap":{"0":{"loc":{"start":{"line":37,"column":4},"end":{"line":39,"column":5}},"type":"if","locations":[{"start":{"line":37,"column":4},"end":{"line":39,"column":5}}]},"1":{"loc":{"start":{"line":60,"column":6},"end":{"line":60,"column":14}},"type":"default-arg","locations":[{"start":{"line":60,"column":13},"end":{"line":60,"column":14}}]},"2":{"loc":{"start":{"line":61,"column":6},"end":{"line":61,"column":16}},"type":"default-arg","locations":[{"start":{"line":61,"column":14},"end":{"line":61,"column":16}}]},"3":{"loc":{"start":{"line":62,"column":6},"end":{"line":62,"column":21}},"type":"default-arg","locations":[{"start":{"line":62,"column":15},"end":{"line":62,"column":21}}]},"4":{"loc":{"start":{"line":63,"column":6},"end":{"line":63,"column":23}},"type":"default-arg","locations":[{"start":{"line":63,"column":18},"end":{"line":63,"column":23}}]},"5":{"loc":{"start":{"line":97,"column":4},"end":{"line":99,"column":5}},"type":"if","locations":[{"start":{"line":97,"column":4},"end":{"line":99,"column":5}}]},"6":{"loc":{"start":{"line":120,"column":4},"end":{"line":122,"column":5}},"type":"if","locations":[{"start":{"line":120,"column":4},"end":{"line":122,"column":5}}]},"7":{"loc":{"start":{"line":143,"column":4},"end":{"line":145,"column":5}},"type":"if","locations":[{"start":{"line":143,"column":4},"end":{"line":145,"column":5}}]}},"s":{"0":1,"1":1,"2":1,"3":1,"4":1,"5":1,"6":1,"7":1,"8":1,"9":2,"10":2,"11":2,"12":2,"13":1,"14":1,"15":1,"16":1,"17":1,"18":1,"19":1,"20":1,"21":2,"22":2,"23":2,"24":2,"25":1,"26":1,"27":1,"28":2,"29":2,"30":2,"31":2,"32":1,"33":1,"34":1,"35":2,"36":2,"37":2,"38":2,"39":2,"40":1,"41":1},"f":{"0":1,"1":1,"2":2,"3":2,"4":1,"5":1,"6":2,"7":2,"8":2,"9":2,"10":2,"11":2},"b":{"0":[1],"1":[1],"2":[1],"3":[1],"4":[1],"5":[1],"6":[1],"7":[1]}}
,"/Users/rowjay/DEV/nardy-books/src/controllers/bookController.ts": {"path":"/Users/rowjay/DEV/nardy-books/src/controllers/bookController.ts","statementMap":{"0":{"start":{"line":2,"column":0},"end":{"line":2,"column":33}},"1":{"start":{"line":3,"column":0},"end":{"line":3,"column":55}},"2":{"start":{"line":4,"column":0},"end":{"line":4,"column":41}},"3":{"start":{"line":5,"column":0},"end":{"line":5,"column":45}},"4":{"start":{"line":15,"column":13},"end":{"line":18,"column":3}},"5":{"start":{"line":15,"column":95},"end":{"line":18,"column":2}},"6":{"start":{"line":16,"column":15},"end":{"line":16,"column":53}},"7":{"start":{"line":17,"column":2},"end":{"line":17,"column":29}},"8":{"start":{"line":28,"column":13},"end":{"line":37,"column":3}},"9":{"start":{"line":28,"column":96},"end":{"line":37,"column":2}},"10":{"start":{"line":29,"column":17},"end":{"line":29,"column":50}},"11":{"start":{"line":30,"column":15},"end":{"line":30,"column":52}},"12":{"start":{"line":32,"column":2},"end":{"line":34,"column":3}},"13":{"start":{"line":33,"column":4},"end":{"line":33,"column":53}},"14":{"start":{"line":36,"column":2},"end":{"line":36,"column":29}},"15":{"start":{"line":47,"column":13},"end":{"line":50,"column":3}},"16":{"start":{"line":47,"column":96},"end":{"line":50,"column":2}},"17":{"start":{"line":48,"column":27},"end":{"line":48,"column":67}},"18":{"start":{"line":49,"column":2},"end":{"line":49,"column":41}},"19":{"start":{"line":60,"column":13},"end":{"line":69,"column":3}},"20":{"start":{"line":60,"column":99},"end":{"line":69,"column":2}},"21":{"start":{"line":61,"column":17},"end":{"line":61,"column":27}},"22":{"start":{"line":62,"column":15},"end":{"line":62,"column":81}},"23":{"start":{"line":64,"column":2},"end":{"line":66,"column":3}},"24":{"start":{"line":65,"column":4},"end":{"line":65,"column":53}},"25":{"start":{"line":68,"column":2},"end":{"line":68,"column":29}},"26":{"start":{"line":79,"column":13},"end":{"line":82,"column":3}},"27":{"start":{"line":79,"column":99},"end":{"line":82,"column":2}},"28":{"start":{"line":80,"column":2},"end":{"line":80,"column":70}},"29":{"start":{"line":81,"column":2},"end":{"line":81,"column":65}},"30":{"start":{"line":92,"column":13},"end":{"line":107,"column":3}},"31":{"start":{"line":92,"column":106},"end":{"line":107,"column":2}},"32":{"start":{"line":93,"column":17},"end":{"line":93,"column":34}},"33":{"start":{"line":94,"column":29},"end":{"line":94,"column":37}},"34":{"start":{"line":96,"column":2},"end":{"line":98,"column":3}},"35":{"start":{"line":97,"column":4},"end":{"line":97,"column":49}},"36":{"start":{"line":100,"column":22},"end":{"line":100,"column":85}},"37":{"start":{"line":102,"column":2},"end":{"line":104,"column":3}},"38":{"start":{"line":103,"column":4},"end":{"line":103,"column":53}},"39":{"start":{"line":106,"column":2},"end":{"line":106,"column":36}},"40":{"start":{"line":117,"column":13},"end":{"line":132,"column":3}},"41":{"start":{"line":117,"column":111},"end":{"line":132,"column":2}},"42":{"start":{"line":118,"column":17},"end":{"line":118,"column":34}},"43":{"start":{"line":119,"column":29},"end":{"line":119,"column":37}},"44":{"start":{"line":121,"column":2},"end":{"line":123,"column":3}},"45":{"start":{"line":122,"column":4},"end":{"line":122,"column":49}},"46":{"start":{"line":125,"column":22},"end":{"line":125,"column":90}},"47":{"start":{"line":127,"column":2},"end":{"line":129,"column":3}},"48":{"start":{"line":128,"column":4},"end":{"line":128,"column":53}},"49":{"start":{"line":131,"column":2},"end":{"line":131,"column":36}}},"fnMap":{"0":{"name":"(anonymous_14)","decl":{"start":{"line":15,"column":37},"end":{"line":15,"column":44}},"loc":{"start":{"line":15,"column":95},"end":{"line":18,"column":2}}},"1":{"name":"(anonymous_15)","decl":{"start":{"line":15,"column":95},"end":{"line":15,"column":null}},"loc":{"start":{"line":15,"column":95},"end":{"line":18,"column":1}}},"2":{"name":"(anonymous_16)","decl":{"start":{"line":28,"column":38},"end":{"line":28,"column":45}},"loc":{"start":{"line":28,"column":96},"end":{"line":37,"column":2}}},"3":{"name":"(anonymous_17)","decl":{"start":{"line":28,"column":96},"end":{"line":28,"column":null}},"loc":{"start":{"line":28,"column":96},"end":{"line":37,"column":1}}},"4":{"name":"(anonymous_18)","decl":{"start":{"line":47,"column":38},"end":{"line":47,"column":45}},"loc":{"start":{"line":47,"column":96},"end":{"line":50,"column":2}}},"5":{"name":"(anonymous_19)","decl":{"start":{"line":47,"column":96},"end":{"line":47,"column":null}},"loc":{"start":{"line":47,"column":96},"end":{"line":50,"column":1}}},"6":{"name":"(anonymous_20)","decl":{"start":{"line":60,"column":41},"end":{"line":60,"column":48}},"loc":{"start":{"line":60,"column":99},"end":{"line":69,"column":2}}},"7":{"name":"(anonymous_21)","decl":{"start":{"line":60,"column":99},"end":{"line":60,"column":null}},"loc":{"start":{"line":60,"column":99},"end":{"line":69,"column":1}}},"8":{"name":"(anonymous_22)","decl":{"start":{"line":79,"column":41},"end":{"line":79,"column":48}},"loc":{"start":{"line":79,"column":99},"end":{"line":82,"column":2}}},"9":{"name":"(anonymous_23)","decl":{"start":{"line":79,"column":99},"end":{"line":79,"column":null}},"loc":{"start":{"line":79,"column":99},"end":{"line":82,"column":1}}},"10":{"name":"(anonymous_24)","decl":{"start":{"line":92,"column":48},"end":{"line":92,"column":55}},"loc":{"start":{"line":92,"column":106},"end":{"line":107,"column":2}}},"11":{"name":"(anonymous_25)","decl":{"start":{"line":92,"column":106},"end":{"line":92,"column":null}},"loc":{"start":{"line":92,"column":106},"end":{"line":107,"column":1}}},"12":{"name":"(anonymous_26)","decl":{"start":{"line":117,"column":53},"end":{"line":117,"column":60}},"loc":{"start":{"line":117,"column":111},"end":{"line":132,"column":2}}},"13":{"name":"(anonymous_27)","decl":{"start":{"line":117,"column":111},"end":{"line":117,"column":null}},"loc":{"start":{"line":117,"column":111},"end":{"line":132,"column":1}}}},"branchMap":{"0":{"loc":{"start":{"line":32,"column":2},"end":{"line":34,"column":3}},"type":"if","locations":[{"start":{"line":32,"column":2},"end":{"line":34,"column":3}}]},"1":{"loc":{"start":{"line":64,"column":2},"end":{"line":66,"column":3}},"type":"if","locations":[{"start":{"line":64,"column":2},"end":{"line":66,"column":3}}]},"2":{"loc":{"start":{"line":96,"column":2},"end":{"line":98,"column":3}},"type":"if","locations":[{"start":{"line":96,"column":2},"end":{"line":98,"column":3}}]},"3":{"loc":{"start":{"line":96,"column":6},"end":{"line":96,"column":32}},"type":"binary-expr","locations":[{"start":{"line":96,"column":6},"end":{"line":96,"column":13}},{"start":{"line":96,"column":17},"end":{"line":96,"column":32}}]},"4":{"loc":{"start":{"line":102,"column":2},"end":{"line":104,"column":3}},"type":"if","locations":[{"start":{"line":102,"column":2},"end":{"line":104,"column":3}}]},"5":{"loc":{"start":{"line":121,"column":2},"end":{"line":123,"column":3}},"type":"if","locations":[{"start":{"line":121,"column":2},"end":{"line":123,"column":3}}]},"6":{"loc":{"start":{"line":121,"column":6},"end":{"line":121,"column":32}},"type":"binary-expr","locations":[{"start":{"line":121,"column":6},"end":{"line":121,"column":13}},{"start":{"line":121,"column":17},"end":{"line":121,"column":32}}]},"7":{"loc":{"start":{"line":127,"column":2},"end":{"line":129,"column":3}},"type":"if","locations":[{"start":{"line":127,"column":2},"end":{"line":129,"column":3}}]}},"s":{"0":1,"1":1,"2":1,"3":1,"4":1,"5":1,"6":1,"7":1,"8":1,"9":2,"10":2,"11":2,"12":2,"13":1,"14":1,"15":1,"16":1,"17":1,"18":1,"19":1,"20":2,"21":2,"22":2,"23":2,"24":1,"25":1,"26":1,"27":1,"28":1,"29":1,"30":1,"31":3,"32":3,"33":3,"34":3,"35":1,"36":2,"37":2,"38":1,"39":1,"40":1,"41":3,"42":3,"43":3,"44":3,"45":1,"46":2,"47":2,"48":1,"49":1},"f":{"0":1,"1":1,"2":2,"3":2,"4":1,"5":1,"6":2,"7":2,"8":1,"9":1,"10":3,"11":3,"12":3,"13":3},"b":{"0":[1],"1":[1],"2":[1],"3":[3,2],"4":[1],"5":[1],"6":[3,2],"7":[1]}}
,"/Users/rowjay/DEV/nardy-books/src/controllers/genreController.ts": {"path":"/Users/rowjay/DEV/nardy-books/src/controllers/genreController.ts","statementMap":{"0":{"start":{"line":2,"column":0},"end":{"line":2,"column":57}},"1":{"start":{"line":3,"column":0},"end":{"line":3,"column":45}},"2":{"start":{"line":4,"column":0},"end":{"line":4,"column":41}},"3":{"start":{"line":5,"column":0},"end":{"line":5,"column":33}},"4":{"start":{"line":13,"column":26},"end":{"line":19,"column":1}},"5":{"start":{"line":14,"column":2},"end":{"line":18,"column":3}},"6":{"start":{"line":15,"column":4},"end":{"line":15,"column":34}},"7":{"start":{"line":17,"column":4},"end":{"line":17,"column":49}},"8":{"start":{"line":28,"column":13},"end":{"line":38,"column":2}},"9":{"start":{"line":29,"column":60},"end":{"line":37,"column":null}},"10":{"start":{"line":30,"column":18},"end":{"line":30,"column":58}},"11":{"start":{"line":31,"column":4},"end":{"line":36,"column":7}},"12":{"start":{"line":47,"column":13},"end":{"line":61,"column":2}},"13":{"start":{"line":48,"column":60},"end":{"line":60,"column":null}},"14":{"start":{"line":49,"column":20},"end":{"line":49,"column":52}},"15":{"start":{"line":50,"column":18},"end":{"line":50,"column":58}},"16":{"start":{"line":51,"column":4},"end":{"line":53,"column":5}},"17":{"start":{"line":52,"column":6},"end":{"line":52,"column":68}},"18":{"start":{"line":54,"column":4},"end":{"line":59,"column":7}},"19":{"start":{"line":70,"column":13},"end":{"line":91,"column":2}},"20":{"start":{"line":71,"column":60},"end":{"line":90,"column":null}},"21":{"start":{"line":72,"column":22},"end":{"line":72,"column":null}},"22":{"start":{"line":78,"column":19},"end":{"line":82,"column":null}},"23":{"start":{"line":84,"column":4},"end":{"line":89,"column":7}},"24":{"start":{"line":100,"column":13},"end":{"line":114,"column":2}},"25":{"start":{"line":101,"column":60},"end":{"line":113,"column":null}},"26":{"start":{"line":102,"column":20},"end":{"line":102,"column":52}},"27":{"start":{"line":103,"column":18},"end":{"line":103,"column":71}},"28":{"start":{"line":104,"column":4},"end":{"line":106,"column":5}},"29":{"start":{"line":105,"column":6},"end":{"line":105,"column":68}},"30":{"start":{"line":107,"column":4},"end":{"line":112,"column":7}},"31":{"start":{"line":123,"column":13},"end":{"line":136,"column":2}},"32":{"start":{"line":124,"column":60},"end":{"line":135,"column":null}},"33":{"start":{"line":125,"column":20},"end":{"line":125,"column":52}},"34":{"start":{"line":126,"column":18},"end":{"line":126,"column":61}},"35":{"start":{"line":127,"column":4},"end":{"line":129,"column":5}},"36":{"start":{"line":128,"column":6},"end":{"line":128,"column":68}},"37":{"start":{"line":130,"column":4},"end":{"line":134,"column":7}},"38":{"start":{"line":145,"column":13},"end":{"line":162,"column":2}},"39":{"start":{"line":146,"column":60},"end":{"line":161,"column":null}},"40":{"start":{"line":147,"column":32},"end":{"line":147,"column":42}},"41":{"start":{"line":148,"column":18},"end":{"line":150,"column":null}},"42":{"start":{"line":152,"column":4},"end":{"line":154,"column":5}},"43":{"start":{"line":153,"column":6},"end":{"line":153,"column":68}},"44":{"start":{"line":155,"column":4},"end":{"line":160,"column":7}}},"fnMap":{"0":{"name":"(anonymous_14)","decl":{"start":{"line":13,"column":26},"end":{"line":13,"column":27}},"loc":{"start":{"line":13,"column":57},"end":{"line":19,"column":1}}},"1":{"name":"(anonymous_15)","decl":{"start":{"line":29,"column":2},"end":{"line":29,"column":9}},"loc":{"start":{"line":29,"column":60},"end":{"line":37,"column":null}}},"2":{"name":"(anonymous_16)","decl":{"start":{"line":29,"column":60},"end":{"line":29,"column":null}},"loc":{"start":{"line":29,"column":60},"end":{"line":37,"column":3}}},"3":{"name":"(anonymous_17)","decl":{"start":{"line":48,"column":2},"end":{"line":48,"column":9}},"loc":{"start":{"line":48,"column":60},"end":{"line":60,"column":null}}},"4":{"name":"(anonymous_18)","decl":{"start":{"line":48,"column":60},"end":{"line":48,"column":null}},"loc":{"start":{"line":48,"column":60},"end":{"line":60,"column":3}}},"5":{"name":"(anonymous_19)","decl":{"start":{"line":71,"column":2},"end":{"line":71,"column":9}},"loc":{"start":{"line":71,"column":60},"end":{"line":90,"column":null}}},"6":{"name":"(anonymous_20)","decl":{"start":{"line":71,"column":60},"end":{"line":71,"column":null}},"loc":{"start":{"line":71,"column":60},"end":{"line":90,"column":3}}},"7":{"name":"(anonymous_21)","decl":{"start":{"line":101,"column":2},"end":{"line":101,"column":9}},"loc":{"start":{"line":101,"column":60},"end":{"line":113,"column":null}}},"8":{"name":"(anonymous_22)","decl":{"start":{"line":101,"column":60},"end":{"line":101,"column":null}},"loc":{"start":{"line":101,"column":60},"end":{"line":113,"column":3}}},"9":{"name":"(anonymous_23)","decl":{"start":{"line":124,"column":2},"end":{"line":124,"column":9}},"loc":{"start":{"line":124,"column":60},"end":{"line":135,"column":null}}},"10":{"name":"(anonymous_24)","decl":{"start":{"line":124,"column":60},"end":{"line":124,"column":null}},"loc":{"start":{"line":124,"column":60},"end":{"line":135,"column":3}}},"11":{"name":"(anonymous_25)","decl":{"start":{"line":146,"column":2},"end":{"line":146,"column":9}},"loc":{"start":{"line":146,"column":60},"end":{"line":161,"column":null}}},"12":{"name":"(anonymous_26)","decl":{"start":{"line":146,"column":60},"end":{"line":146,"column":null}},"loc":{"start":{"line":146,"column":60},"end":{"line":161,"column":3}}}},"branchMap":{"0":{"loc":{"start":{"line":51,"column":4},"end":{"line":53,"column":5}},"type":"if","locations":[{"start":{"line":51,"column":4},"end":{"line":53,"column":5}}]},"1":{"loc":{"start":{"line":104,"column":4},"end":{"line":106,"column":5}},"type":"if","locations":[{"start":{"line":104,"column":4},"end":{"line":106,"column":5}}]},"2":{"loc":{"start":{"line":127,"column":4},"end":{"line":129,"column":5}},"type":"if","locations":[{"start":{"line":127,"column":4},"end":{"line":129,"column":5}}]},"3":{"loc":{"start":{"line":152,"column":4},"end":{"line":154,"column":5}},"type":"if","locations":[{"start":{"line":152,"column":4},"end":{"line":154,"column":5}}]}},"s":{"0":1,"1":1,"2":1,"3":1,"4":1,"5":10,"6":10,"7":0,"8":1,"9":1,"10":1,"11":1,"12":1,"13":2,"14":2,"15":2,"16":2,"17":1,"18":1,"19":1,"20":1,"21":1,"22":1,"23":1,"24":1,"25":2,"26":2,"27":2,"28":2,"29":1,"30":1,"31":1,"32":2,"33":2,"34":2,"35":2,"36":1,"37":1,"38":1,"39":2,"40":2,"41":2,"42":2,"43":1,"44":1},"f":{"0":10,"1":1,"2":1,"3":2,"4":2,"5":1,"6":1,"7":2,"8":2,"9":2,"10":2,"11":2,"12":2},"b":{"0":[1],"1":[1],"2":[1],"3":[1]}}
,"/Users/rowjay/DEV/nardy-books/src/controllers/paymentController.ts": {"path":"/Users/rowjay/DEV/nardy-books/src/controllers/paymentController.ts","statementMap":{"0":{"start":{"line":2,"column":0},"end":{"line":2,"column":61}},"1":{"start":{"line":3,"column":0},"end":{"line":3,"column":45}},"2":{"start":{"line":4,"column":0},"end":{"line":4,"column":41}},"3":{"start":{"line":5,"column":0},"end":{"line":5,"column":37}},"4":{"start":{"line":14,"column":13},"end":{"line":21,"column":2}},"5":{"start":{"line":15,"column":60},"end":{"line":20,"column":null}},"6":{"start":{"line":16,"column":20},"end":{"line":16,"column":64}},"7":{"start":{"line":17,"column":4},"end":{"line":19,"column":54}},"8":{"start":{"line":30,"column":13},"end":{"line":38,"column":2}},"9":{"start":{"line":31,"column":60},"end":{"line":37,"column":null}},"10":{"start":{"line":32,"column":20},"end":{"line":32,"column":70}},"11":{"start":{"line":33,"column":4},"end":{"line":35,"column":5}},"12":{"start":{"line":34,"column":6},"end":{"line":34,"column":75}},"13":{"start":{"line":36,"column":4},"end":{"line":36,"column":77}},"14":{"start":{"line":47,"column":13},"end":{"line":58,"column":2}},"15":{"start":{"line":48,"column":60},"end":{"line":57,"column":null}},"16":{"start":{"line":49,"column":42},"end":{"line":49,"column":51}},"17":{"start":{"line":50,"column":21},"end":{"line":54,"column":null}},"18":{"start":{"line":56,"column":4},"end":{"line":56,"column":78}},"19":{"start":{"line":67,"column":13},"end":{"line":75,"column":2}},"20":{"start":{"line":68,"column":60},"end":{"line":74,"column":null}},"21":{"start":{"line":69,"column":20},"end":{"line":69,"column":79}},"22":{"start":{"line":70,"column":4},"end":{"line":72,"column":5}},"23":{"start":{"line":71,"column":6},"end":{"line":71,"column":75}},"24":{"start":{"line":73,"column":4},"end":{"line":73,"column":77}},"25":{"start":{"line":84,"column":13},"end":{"line":93,"column":2}},"26":{"start":{"line":85,"column":60},"end":{"line":92,"column":null}},"27":{"start":{"line":86,"column":4},"end":{"line":86,"column":54}},"28":{"start":{"line":87,"column":4},"end":{"line":91,"column":7}},"29":{"start":{"line":102,"column":13},"end":{"line":113,"column":2}},"30":{"start":{"line":103,"column":60},"end":{"line":112,"column":null}},"31":{"start":{"line":104,"column":30},"end":{"line":104,"column":38}},"32":{"start":{"line":105,"column":36},"end":{"line":107,"column":null}},"33":{"start":{"line":109,"column":4},"end":{"line":111,"column":66}},"34":{"start":{"line":122,"column":13},"end":{"line":128,"column":2}},"35":{"start":{"line":123,"column":60},"end":{"line":127,"column":null}},"36":{"start":{"line":124,"column":26},"end":{"line":124,"column":36}},"37":{"start":{"line":125,"column":21},"end":{"line":125,"column":74}},"38":{"start":{"line":126,"column":4},"end":{"line":126,"column":78}},"39":{"start":{"line":137,"column":13},"end":{"line":146,"column":2}},"40":{"start":{"line":138,"column":60},"end":{"line":145,"column":null}},"41":{"start":{"line":139,"column":30},"end":{"line":139,"column":38}},"42":{"start":{"line":141,"column":6},"end":{"line":141,"column":67}},"43":{"start":{"line":142,"column":4},"end":{"line":144,"column":66}},"44":{"start":{"line":155,"column":13},"end":{"line":161,"column":2}},"45":{"start":{"line":156,"column":60},"end":{"line":160,"column":null}},"46":{"start":{"line":157,"column":26},"end":{"line":157,"column":36}},"47":{"start":{"line":158,"column":21},"end":{"line":158,"column":77}},"48":{"start":{"line":159,"column":4},"end":{"line":159,"column":78}}},"fnMap":{"0":{"name":"(anonymous_14)","decl":{"start":{"line":15,"column":2},"end":{"line":15,"column":9}},"loc":{"start":{"line":15,"column":60},"end":{"line":20,"column":null}}},"1":{"name":"(anonymous_15)","decl":{"start":{"line":15,"column":60},"end":{"line":15,"column":null}},"loc":{"start":{"line":15,"column":60},"end":{"line":20,"column":3}}},"2":{"name":"(anonymous_16)","decl":{"start":{"line":31,"column":2},"end":{"line":31,"column":9}},"loc":{"start":{"line":31,"column":60},"end":{"line":37,"column":null}}},"3":{"name":"(anonymous_17)","decl":{"start":{"line":31,"column":60},"end":{"line":31,"column":null}},"loc":{"start":{"line":31,"column":60},"end":{"line":37,"column":3}}},"4":{"name":"(anonymous_18)","decl":{"start":{"line":48,"column":2},"end":{"line":48,"column":9}},"loc":{"start":{"line":48,"column":60},"end":{"line":57,"column":null}}},"5":{"name":"(anonymous_19)","decl":{"start":{"line":48,"column":60},"end":{"line":48,"column":null}},"loc":{"start":{"line":48,"column":60},"end":{"line":57,"column":3}}},"6":{"name":"(anonymous_20)","decl":{"start":{"line":68,"column":2},"end":{"line":68,"column":9}},"loc":{"start":{"line":68,"column":60},"end":{"line":74,"column":null}}},"7":{"name":"(anonymous_21)","decl":{"start":{"line":68,"column":60},"end":{"line":68,"column":null}},"loc":{"start":{"line":68,"column":60},"end":{"line":74,"column":3}}},"8":{"name":"(anonymous_22)","decl":{"start":{"line":85,"column":2},"end":{"line":85,"column":9}},"loc":{"start":{"line":85,"column":60},"end":{"line":92,"column":null}}},"9":{"name":"(anonymous_23)","decl":{"start":{"line":85,"column":60},"end":{"line":85,"column":null}},"loc":{"start":{"line":85,"column":60},"end":{"line":92,"column":3}}},"10":{"name":"(anonymous_24)","decl":{"start":{"line":103,"column":2},"end":{"line":103,"column":9}},"loc":{"start":{"line":103,"column":60},"end":{"line":112,"column":null}}},"11":{"name":"(anonymous_25)","decl":{"start":{"line":103,"column":60},"end":{"line":103,"column":null}},"loc":{"start":{"line":103,"column":60},"end":{"line":112,"column":3}}},"12":{"name":"(anonymous_26)","decl":{"start":{"line":123,"column":2},"end":{"line":123,"column":9}},"loc":{"start":{"line":123,"column":60},"end":{"line":127,"column":null}}},"13":{"name":"(anonymous_27)","decl":{"start":{"line":123,"column":60},"end":{"line":123,"column":null}},"loc":{"start":{"line":123,"column":60},"end":{"line":127,"column":3}}},"14":{"name":"(anonymous_28)","decl":{"start":{"line":138,"column":2},"end":{"line":138,"column":9}},"loc":{"start":{"line":138,"column":60},"end":{"line":145,"column":null}}},"15":{"name":"(anonymous_29)","decl":{"start":{"line":138,"column":60},"end":{"line":138,"column":null}},"loc":{"start":{"line":138,"column":60},"end":{"line":145,"column":3}}},"16":{"name":"(anonymous_30)","decl":{"start":{"line":156,"column":2},"end":{"line":156,"column":9}},"loc":{"start":{"line":156,"column":60},"end":{"line":160,"column":null}}},"17":{"name":"(anonymous_31)","decl":{"start":{"line":156,"column":60},"end":{"line":156,"column":null}},"loc":{"start":{"line":156,"column":60},"end":{"line":160,"column":3}}}},"branchMap":{"0":{"loc":{"start":{"line":33,"column":4},"end":{"line":35,"column":5}},"type":"if","locations":[{"start":{"line":33,"column":4},"end":{"line":35,"column":5}}]},"1":{"loc":{"start":{"line":51,"column":18},"end":{"line":51,"column":43}},"type":"binary-expr","locations":[{"start":{"line":51,"column":18},"end":{"line":51,"column":35}},{"start":{"line":51,"column":39},"end":{"line":51,"column":43}}]},"2":{"loc":{"start":{"line":52,"column":18},"end":{"line":52,"column":41}},"type":"binary-expr","locations":[{"start":{"line":52,"column":18},"end":{"line":52,"column":33}},{"start":{"line":52,"column":37},"end":{"line":52,"column":41}}]},"3":{"loc":{"start":{"line":53,"column":6},"end":{"line":53,"column":39}},"type":"binary-expr","locations":[{"start":{"line":53,"column":6},"end":{"line":53,"column":34}},{"start":{"line":53,"column":38},"end":{"line":53,"column":39}}]},"4":{"loc":{"start":{"line":54,"column":6},"end":{"line":54,"column":41}},"type":"binary-expr","locations":[{"start":{"line":54,"column":6},"end":{"line":54,"column":35}},{"start":{"line":54,"column":39},"end":{"line":54,"column":41}}]},"5":{"loc":{"start":{"line":70,"column":4},"end":{"line":72,"column":5}},"type":"if","locations":[{"start":{"line":70,"column":4},"end":{"line":72,"column":5}}]}},"s":{"0":1,"1":1,"2":1,"3":1,"4":1,"5":1,"6":1,"7":1,"8":1,"9":2,"10":2,"11":2,"12":1,"13":1,"14":1,"15":1,"16":1,"17":1,"18":1,"19":1,"20":2,"21":2,"22":2,"23":1,"24":1,"25":1,"26":1,"27":1,"28":1,"29":1,"30":1,"31":1,"32":1,"33":1,"34":1,"35":1,"36":1,"37":1,"38":1,"39":1,"40":1,"41":1,"42":1,"43":1,"44":1,"45":1,"46":1,"47":1,"48":1},"f":{"0":1,"1":1,"2":2,"3":2,"4":1,"5":1,"6":2,"7":2,"8":1,"9":1,"10":1,"11":1,"12":1,"13":1,"14":1,"15":1,"16":1,"17":1},"b":{"0":[1],"1":[1,0],"2":[1,0],"3":[1,0],"4":[1,0],"5":[1]}}
,"/Users/rowjay/DEV/nardy-books/src/controllers/publisherController.ts": {"path":"/Users/rowjay/DEV/nardy-books/src/controllers/publisherController.ts","statementMap":{"0":{"start":{"line":2,"column":0},"end":{"line":2,"column":65}},"1":{"start":{"line":3,"column":0},"end":{"line":3,"column":45}},"2":{"start":{"line":4,"column":0},"end":{"line":4,"column":41}},"3":{"start":{"line":5,"column":0},"end":{"line":5,"column":33}},"4":{"start":{"line":13,"column":26},"end":{"line":19,"column":1}},"5":{"start":{"line":14,"column":2},"end":{"line":18,"column":3}},"6":{"start":{"line":15,"column":4},"end":{"line":15,"column":34}},"7":{"start":{"line":17,"column":4},"end":{"line":17,"column":49}},"8":{"start":{"line":28,"column":13},"end":{"line":42,"column":2}},"9":{"start":{"line":29,"column":60},"end":{"line":41,"column":null}},"10":{"start":{"line":30,"column":4},"end":{"line":40,"column":5}},"11":{"start":{"line":31,"column":24},"end":{"line":31,"column":72}},"12":{"start":{"line":32,"column":6},"end":{"line":37,"column":9}},"13":{"start":{"line":39,"column":6},"end":{"line":39,"column":60}},"14":{"start":{"line":50,"column":13},"end":{"line":64,"column":2}},"15":{"start":{"line":51,"column":60},"end":{"line":63,"column":null}},"16":{"start":{"line":52,"column":24},"end":{"line":52,"column":56}},"17":{"start":{"line":53,"column":22},"end":{"line":53,"column":74}},"18":{"start":{"line":54,"column":4},"end":{"line":56,"column":5}},"19":{"start":{"line":55,"column":6},"end":{"line":55,"column":72}},"20":{"start":{"line":57,"column":4},"end":{"line":62,"column":7}},"21":{"start":{"line":73,"column":13},"end":{"line":96,"column":2}},"22":{"start":{"line":74,"column":60},"end":{"line":95,"column":null}},"23":{"start":{"line":75,"column":4},"end":{"line":94,"column":5}},"24":{"start":{"line":76,"column":19},"end":{"line":76,"column":46}},"25":{"start":{"line":77,"column":20},"end":{"line":77,"column":49}},"26":{"start":{"line":79,"column":25},"end":{"line":83,"column":null}},"27":{"start":{"line":86,"column":6},"end":{"line":91,"column":9}},"28":{"start":{"line":93,"column":6},"end":{"line":93,"column":60}},"29":{"start":{"line":105,"column":13},"end":{"line":122,"column":2}},"30":{"start":{"line":106,"column":60},"end":{"line":121,"column":null}},"31":{"start":{"line":107,"column":24},"end":{"line":107,"column":56}},"32":{"start":{"line":108,"column":22},"end":{"line":110,"column":null}},"33":{"start":{"line":112,"column":4},"end":{"line":114,"column":5}},"34":{"start":{"line":113,"column":6},"end":{"line":113,"column":72}},"35":{"start":{"line":115,"column":4},"end":{"line":120,"column":7}},"36":{"start":{"line":131,"column":13},"end":{"line":146,"column":2}},"37":{"start":{"line":132,"column":60},"end":{"line":145,"column":null}},"38":{"start":{"line":133,"column":24},"end":{"line":133,"column":56}},"39":{"start":{"line":134,"column":29},"end":{"line":135,"column":null}},"40":{"start":{"line":137,"column":4},"end":{"line":139,"column":5}},"41":{"start":{"line":138,"column":6},"end":{"line":138,"column":72}},"42":{"start":{"line":140,"column":4},"end":{"line":144,"column":7}},"43":{"start":{"line":155,"column":13},"end":{"line":176,"column":2}},"44":{"start":{"line":156,"column":60},"end":{"line":175,"column":null}},"45":{"start":{"line":157,"column":24},"end":{"line":157,"column":65}},"46":{"start":{"line":158,"column":19},"end":{"line":158,"column":55}},"47":{"start":{"line":160,"column":22},"end":{"line":162,"column":null}},"48":{"start":{"line":165,"column":4},"end":{"line":167,"column":5}},"49":{"start":{"line":166,"column":6},"end":{"line":166,"column":72}},"50":{"start":{"line":169,"column":4},"end":{"line":174,"column":7}}},"fnMap":{"0":{"name":"(anonymous_14)","decl":{"start":{"line":13,"column":26},"end":{"line":13,"column":27}},"loc":{"start":{"line":13,"column":41},"end":{"line":19,"column":1}}},"1":{"name":"(anonymous_15)","decl":{"start":{"line":29,"column":2},"end":{"line":29,"column":9}},"loc":{"start":{"line":29,"column":60},"end":{"line":41,"column":null}}},"2":{"name":"(anonymous_16)","decl":{"start":{"line":29,"column":60},"end":{"line":29,"column":null}},"loc":{"start":{"line":29,"column":60},"end":{"line":41,"column":3}}},"3":{"name":"(anonymous_17)","decl":{"start":{"line":51,"column":2},"end":{"line":51,"column":9}},"loc":{"start":{"line":51,"column":60},"end":{"line":63,"column":null}}},"4":{"name":"(anonymous_18)","decl":{"start":{"line":51,"column":60},"end":{"line":51,"column":null}},"loc":{"start":{"line":51,"column":60},"end":{"line":63,"column":3}}},"5":{"name":"(anonymous_19)","decl":{"start":{"line":74,"column":2},"end":{"line":74,"column":9}},"loc":{"start":{"line":74,"column":60},"end":{"line":95,"column":null}}},"6":{"name":"(anonymous_20)","decl":{"start":{"line":74,"column":60},"end":{"line":74,"column":null}},"loc":{"start":{"line":74,"column":60},"end":{"line":95,"column":3}}},"7":{"name":"(anonymous_21)","decl":{"start":{"line":106,"column":2},"end":{"line":106,"column":9}},"loc":{"start":{"line":106,"column":60},"end":{"line":121,"column":null}}},"8":{"name":"(anonymous_22)","decl":{"start":{"line":106,"column":60},"end":{"line":106,"column":null}},"loc":{"start":{"line":106,"column":60},"end":{"line":121,"column":3}}},"9":{"name":"(anonymous_23)","decl":{"start":{"line":132,"column":2},"end":{"line":132,"column":9}},"loc":{"start":{"line":132,"column":60},"end":{"line":145,"column":null}}},"10":{"name":"(anonymous_24)","decl":{"start":{"line":132,"column":60},"end":{"line":132,"column":null}},"loc":{"start":{"line":132,"column":60},"end":{"line":145,"column":3}}},"11":{"name":"(anonymous_25)","decl":{"start":{"line":156,"column":2},"end":{"line":156,"column":9}},"loc":{"start":{"line":156,"column":60},"end":{"line":175,"column":null}}},"12":{"name":"(anonymous_26)","decl":{"start":{"line":156,"column":60},"end":{"line":156,"column":null}},"loc":{"start":{"line":156,"column":60},"end":{"line":175,"column":3}}}},"branchMap":{"0":{"loc":{"start":{"line":54,"column":4},"end":{"line":56,"column":5}},"type":"if","locations":[{"start":{"line":54,"column":4},"end":{"line":56,"column":5}}]},"1":{"loc":{"start":{"line":76,"column":19},"end":{"line":76,"column":46}},"type":"binary-expr","locations":[{"start":{"line":76,"column":19},"end":{"line":76,"column":41}},{"start":{"line":76,"column":45},"end":{"line":76,"column":46}}]},"2":{"loc":{"start":{"line":77,"column":20},"end":{"line":77,"column":49}},"type":"binary-expr","locations":[{"start":{"line":77,"column":20},"end":{"line":77,"column":43}},{"start":{"line":77,"column":47},"end":{"line":77,"column":49}}]},"3":{"loc":{"start":{"line":112,"column":4},"end":{"line":114,"column":5}},"type":"if","locations":[{"start":{"line":112,"column":4},"end":{"line":114,"column":5}}]},"4":{"loc":{"start":{"line":137,"column":4},"end":{"line":139,"column":5}},"type":"if","locations":[{"start":{"line":137,"column":4},"end":{"line":139,"column":5}}]},"5":{"loc":{"start":{"line":165,"column":4},"end":{"line":167,"column":5}},"type":"if","locations":[{"start":{"line":165,"column":4},"end":{"line":167,"column":5}}]}},"s":{"0":1,"1":1,"2":1,"3":1,"4":1,"5":7,"6":7,"7":2,"8":1,"9":2,"10":2,"11":2,"12":1,"13":1,"14":1,"15":0,"16":0,"17":0,"18":0,"19":0,"20":0,"21":1,"22":2,"23":2,"24":2,"25":2,"26":2,"27":1,"28":1,"29":1,"30":0,"31":0,"32":0,"33":0,"34":0,"35":0,"36":1,"37":0,"38":0,"39":0,"40":0,"41":0,"42":0,"43":1,"44":4,"45":4,"46":3,"47":2,"48":2,"49":1,"50":1},"f":{"0":7,"1":2,"2":2,"3":0,"4":0,"5":2,"6":2,"7":0,"8":0,"9":0,"10":0,"11":4,"12":4},"b":{"0":[0],"1":[2,2],"2":[2,2],"3":[0],"4":[0],"5":[1]}}
,"/Users/rowjay/DEV/nardy-books/src/controllers/reviewController.ts": {"path":"/Users/rowjay/DEV/nardy-books/src/controllers/reviewController.ts","statementMap":{"0":{"start":{"line":2,"column":0},"end":{"line":2,"column":59}},"1":{"start":{"line":3,"column":0},"end":{"line":3,"column":45}},"2":{"start":{"line":4,"column":0},"end":{"line":4,"column":41}},"3":{"start":{"line":14,"column":13},"end":{"line":24,"column":2}},"4":{"start":{"line":15,"column":60},"end":{"line":23,"column":null}},"5":{"start":{"line":16,"column":19},"end":{"line":16,"column":61}},"6":{"start":{"line":17,"column":4},"end":{"line":22,"column":7}},"7":{"start":{"line":33,"column":13},"end":{"line":50,"column":2}},"8":{"start":{"line":34,"column":60},"end":{"line":49,"column":null}},"9":{"start":{"line":35,"column":21},"end":{"line":35,"column":35}},"10":{"start":{"line":36,"column":4},"end":{"line":38,"column":5}},"11":{"start":{"line":37,"column":6},"end":{"line":37,"column":62}},"12":{"start":{"line":39,"column":19},"end":{"line":39,"column":62}},"13":{"start":{"line":40,"column":4},"end":{"line":42,"column":5}},"14":{"start":{"line":41,"column":6},"end":{"line":41,"column":69}},"15":{"start":{"line":43,"column":4},"end":{"line":48,"column":7}},"16":{"start":{"line":59,"column":13},"end":{"line":91,"column":2}},"17":{"start":{"line":60,"column":60},"end":{"line":90,"column":null}},"18":{"start":{"line":61,"column":22},"end":{"line":61,"column":66}},"19":{"start":{"line":62,"column":19},"end":{"line":64,"column":10}},"20":{"start":{"line":65,"column":17},"end":{"line":65,"column":44}},"21":{"start":{"line":66,"column":18},"end":{"line":66,"column":47}},"22":{"start":{"line":68,"column":55},"end":{"line":68,"column":57}},"23":{"start":{"line":70,"column":4},"end":{"line":75,"column":5}},"24":{"start":{"line":71,"column":41},"end":{"line":71,"column":50}},"25":{"start":{"line":72,"column":6},"end":{"line":72,"column":76}},"26":{"start":{"line":73,"column":11},"end":{"line":75,"column":5}},"27":{"start":{"line":74,"column":6},"end":{"line":74,"column":70}},"28":{"start":{"line":77,"column":20},"end":{"line":81,"column":null}},"29":{"start":{"line":84,"column":4},"end":{"line":89,"column":7}},"30":{"start":{"line":100,"column":13},"end":{"line":117,"column":2}},"31":{"start":{"line":101,"column":60},"end":{"line":116,"column":null}},"32":{"start":{"line":102,"column":21},"end":{"line":102,"column":35}},"33":{"start":{"line":103,"column":4},"end":{"line":105,"column":5}},"34":{"start":{"line":104,"column":6},"end":{"line":104,"column":62}},"35":{"start":{"line":106,"column":19},"end":{"line":106,"column":75}},"36":{"start":{"line":107,"column":4},"end":{"line":109,"column":5}},"37":{"start":{"line":108,"column":6},"end":{"line":108,"column":69}},"38":{"start":{"line":110,"column":4},"end":{"line":115,"column":7}},"39":{"start":{"line":126,"column":13},"end":{"line":142,"column":2}},"40":{"start":{"line":127,"column":60},"end":{"line":141,"column":null}},"41":{"start":{"line":128,"column":21},"end":{"line":128,"column":35}},"42":{"start":{"line":129,"column":4},"end":{"line":131,"column":5}},"43":{"start":{"line":130,"column":6},"end":{"line":130,"column":62}},"44":{"start":{"line":132,"column":22},"end":{"line":132,"column":68}},"45":{"start":{"line":133,"column":4},"end":{"line":135,"column":5}},"46":{"start":{"line":134,"column":6},"end":{"line":134,"column":69}},"47":{"start":{"line":136,"column":4},"end":{"line":140,"column":7}}},"fnMap":{"0":{"name":"(anonymous_14)","decl":{"start":{"line":15,"column":2},"end":{"line":15,"column":9}},"loc":{"start":{"line":15,"column":60},"end":{"line":23,"column":null}}},"1":{"name":"(anonymous_15)","decl":{"start":{"line":15,"column":60},"end":{"line":15,"column":null}},"loc":{"start":{"line":15,"column":60},"end":{"line":23,"column":3}}},"2":{"name":"(anonymous_16)","decl":{"start":{"line":34,"column":2},"end":{"line":34,"column":9}},"loc":{"start":{"line":34,"column":60},"end":{"line":49,"column":null}}},"3":{"name":"(anonymous_17)","decl":{"start":{"line":34,"column":60},"end":{"line":34,"column":null}},"loc":{"start":{"line":34,"column":60},"end":{"line":49,"column":3}}},"4":{"name":"(anonymous_18)","decl":{"start":{"line":60,"column":2},"end":{"line":60,"column":9}},"loc":{"start":{"line":60,"column":60},"end":{"line":90,"column":null}}},"5":{"name":"(anonymous_19)","decl":{"start":{"line":60,"column":60},"end":{"line":60,"column":null}},"loc":{"start":{"line":60,"column":60},"end":{"line":90,"column":3}}},"6":{"name":"(anonymous_20)","decl":{"start":{"line":101,"column":2},"end":{"line":101,"column":9}},"loc":{"start":{"line":101,"column":60},"end":{"line":116,"column":null}}},"7":{"name":"(anonymous_21)","decl":{"start":{"line":101,"column":60},"end":{"line":101,"column":null}},"loc":{"start":{"line":101,"column":60},"end":{"line":116,"column":3}}},"8":{"name":"(anonymous_22)","decl":{"start":{"line":127,"column":2},"end":{"line":127,"column":9}},"loc":{"start":{"line":127,"column":60},"end":{"line":141,"column":null}}},"9":{"name":"(anonymous_23)","decl":{"start":{"line":127,"column":60},"end":{"line":127,"column":null}},"loc":{"start":{"line":127,"column":60},"end":{"line":141,"column":3}}}},"branchMap":{"0":{"loc":{"start":{"line":35,"column":21},"end":{"line":35,"column":35}},"type":"cond-expr","locations":[{"start":{"line":35,"column":31},"end":{"line":35,"column":33}},{"start":{"line":35,"column":31},"end":{"line":35,"column":35}}]},"1":{"loc":{"start":{"line":35,"column":21},"end":{"line":35,"column":33}},"type":"binary-expr","locations":[{"start":{"line":35,"column":21},"end":{"line":35,"column":33}},{"start":{"line":35,"column":31},"end":{"line":35,"column":33}}]},"2":{"loc":{"start":{"line":36,"column":4},"end":{"line":38,"column":5}},"type":"if","locations":[{"start":{"line":36,"column":4},"end":{"line":38,"column":5}}]},"3":{"loc":{"start":{"line":40,"column":4},"end":{"line":42,"column":5}},"type":"if","locations":[{"start":{"line":40,"column":4},"end":{"line":42,"column":5}}]},"4":{"loc":{"start":{"line":61,"column":22},"end":{"line":61,"column":66}},"type":"binary-expr","locations":[{"start":{"line":61,"column":22},"end":{"line":61,"column":60}},{"start":{"line":61,"column":64},"end":{"line":61,"column":66}}]},"5":{"loc":{"start":{"line":61,"column":22},"end":{"line":61,"column":60}},"type":"cond-expr","locations":[{"start":{"line":61,"column":48},"end":{"line":61,"column":50}},{"start":{"line":61,"column":48},"end":{"line":61,"column":60}}]},"6":{"loc":{"start":{"line":61,"column":22},"end":{"line":61,"column":50}},"type":"binary-expr","locations":[{"start":{"line":61,"column":22},"end":{"line":61,"column":50}},{"start":{"line":61,"column":48},"end":{"line":61,"column":50}}]},"7":{"loc":{"start":{"line":62,"column":19},"end":{"line":64,"column":10}},"type":"cond-expr","locations":[{"start":{"line":63,"column":8},"end":{"line":63,"column":46}},{"start":{"line":64,"column":8},"end":{"line":64,"column":10}}]},"8":{"loc":{"start":{"line":65,"column":17},"end":{"line":65,"column":44}},"type":"binary-expr","locations":[{"start":{"line":65,"column":17},"end":{"line":65,"column":39}},{"start":{"line":65,"column":43},"end":{"line":65,"column":44}}]},"9":{"loc":{"start":{"line":66,"column":18},"end":{"line":66,"column":47}},"type":"binary-expr","locations":[{"start":{"line":66,"column":18},"end":{"line":66,"column":41}},{"start":{"line":66,"column":45},"end":{"line":66,"column":47}}]},"10":{"loc":{"start":{"line":70,"column":4},"end":{"line":75,"column":5}},"type":"if","locations":[{"start":{"line":70,"column":4},"end":{"line":75,"column":5}},{"start":{"line":73,"column":11},"end":{"line":75,"column":5}}]},"11":{"loc":{"start":{"line":73,"column":11},"end":{"line":75,"column":5}},"type":"if","locations":[{"start":{"line":73,"column":11},"end":{"line":75,"column":5}}]},"12":{"loc":{"start":{"line":102,"column":21},"end":{"line":102,"column":35}},"type":"cond-expr","locations":[{"start":{"line":102,"column":31},"end":{"line":102,"column":33}},{"start":{"line":102,"column":31},"end":{"line":102,"column":35}}]},"13":{"loc":{"start":{"line":102,"column":21},"end":{"line":102,"column":33}},"type":"binary-expr","locations":[{"start":{"line":102,"column":21},"end":{"line":102,"column":33}},{"start":{"line":102,"column":31},"end":{"line":102,"column":33}}]},"14":{"loc":{"start":{"line":103,"column":4},"end":{"line":105,"column":5}},"type":"if","locations":[{"start":{"line":103,"column":4},"end":{"line":105,"column":5}}]},"15":{"loc":{"start":{"line":107,"column":4},"end":{"line":109,"column":5}},"type":"if","locations":[{"start":{"line":107,"column":4},"end":{"line":109,"column":5}}]},"16":{"loc":{"start":{"line":128,"column":21},"end":{"line":128,"column":35}},"type":"cond-expr","locations":[{"start":{"line":128,"column":31},"end":{"line":128,"column":33}},{"start":{"line":128,"column":31},"end":{"line":128,"column":35}}]},"17":{"loc":{"start":{"line":128,"column":21},"end":{"line":128,"column":33}},"type":"binary-expr","locations":[{"start":{"line":128,"column":21},"end":{"line":128,"column":33}},{"start":{"line":128,"column":31},"end":{"line":128,"column":33}}]},"18":{"loc":{"start":{"line":129,"column":4},"end":{"line":131,"column":5}},"type":"if","locations":[{"start":{"line":129,"column":4},"end":{"line":131,"column":5}}]},"19":{"loc":{"start":{"line":133,"column":4},"end":{"line":135,"column":5}},"type":"if","locations":[{"start":{"line":133,"column":4},"end":{"line":135,"column":5}}]}},"s":{"0":1,"1":1,"2":1,"3":1,"4":0,"5":0,"6":0,"7":1,"8":3,"9":3,"10":3,"11":1,"12":2,"13":2,"14":1,"15":1,"16":1,"17":0,"18":0,"19":0,"20":0,"21":0,"22":0,"23":0,"24":0,"25":0,"26":0,"27":0,"28":0,"29":0,"30":1,"31":3,"32":3,"33":3,"34":1,"35":2,"36":2,"37":1,"38":1,"39":1,"40":3,"41":3,"42":3,"43":1,"44":2,"45":2,"46":1,"47":1},"f":{"0":0,"1":0,"2":3,"3":3,"4":0,"5":0,"6":3,"7":3,"8":3,"9":3},"b":{"0":[0,3],"1":[3,3],"2":[1],"3":[1],"4":[0,0],"5":[0,0],"6":[0,0],"7":[0,0],"8":[0,0],"9":[0,0],"10":[0,0],"11":[0],"12":[0,3],"13":[3,3],"14":[1],"15":[1],"16":[0,3],"17":[3,3],"18":[1],"19":[1]}}
,"/Users/rowjay/DEV/nardy-books/src/controllers/subscriptionController.ts": {"path":"/Users/rowjay/DEV/nardy-books/src/controllers/subscriptionController.ts","statementMap":{"0":{"start":{"line":2,"column":0},"end":{"line":2,"column":71}},"1":{"start":{"line":3,"column":0},"end":{"line":3,"column":45}},"2":{"start":{"line":4,"column":0},"end":{"line":4,"column":41}},"3":{"start":{"line":12,"column":13},"end":{"line":17,"column":2}},"4":{"start":{"line":13,"column":40},"end":{"line":16,"column":null}},"5":{"start":{"line":14,"column":25},"end":{"line":14,"column":79}},"6":{"start":{"line":15,"column":4},"end":{"line":15,"column":39}},"7":{"start":{"line":26,"column":13},"end":{"line":37,"column":2}},"8":{"start":{"line":27,"column":40},"end":{"line":36,"column":null}},"9":{"start":{"line":28,"column":42},"end":{"line":28,"column":51}},"10":{"start":{"line":29,"column":26},"end":{"line":33,"column":null}},"11":{"start":{"line":35,"column":4},"end":{"line":35,"column":40}},"12":{"start":{"line":45,"column":13},"end":{"line":55,"column":2}},"13":{"start":{"line":46,"column":51},"end":{"line":54,"column":null}},"14":{"start":{"line":47,"column":25},"end":{"line":48,"column":null}},"15":{"start":{"line":50,"column":4},"end":{"line":52,"column":5}},"16":{"start":{"line":51,"column":6},"end":{"line":51,"column":63}},"17":{"start":{"line":53,"column":4},"end":{"line":53,"column":39}},"18":{"start":{"line":64,"column":13},"end":{"line":75,"column":2}},"19":{"start":{"line":65,"column":40},"end":{"line":74,"column":null}},"20":{"start":{"line":66,"column":25},"end":{"line":68,"column":null}},"21":{"start":{"line":70,"column":4},"end":{"line":72,"column":5}},"22":{"start":{"line":71,"column":6},"end":{"line":71,"column":56}},"23":{"start":{"line":73,"column":4},"end":{"line":73,"column":39}},"24":{"start":{"line":83,"column":13},"end":{"line":92,"column":2}},"25":{"start":{"line":84,"column":40},"end":{"line":91,"column":null}},"26":{"start":{"line":85,"column":4},"end":{"line":85,"column":64}},"27":{"start":{"line":86,"column":4},"end":{"line":90,"column":7}}},"fnMap":{"0":{"name":"(anonymous_14)","decl":{"start":{"line":13,"column":2},"end":{"line":13,"column":9}},"loc":{"start":{"line":13,"column":40},"end":{"line":16,"column":null}}},"1":{"name":"(anonymous_15)","decl":{"start":{"line":13,"column":40},"end":{"line":13,"column":null}},"loc":{"start":{"line":13,"column":40},"end":{"line":16,"column":3}}},"2":{"name":"(anonymous_16)","decl":{"start":{"line":27,"column":2},"end":{"line":27,"column":9}},"loc":{"start":{"line":27,"column":40},"end":{"line":36,"column":null}}},"3":{"name":"(anonymous_17)","decl":{"start":{"line":27,"column":40},"end":{"line":27,"column":null}},"loc":{"start":{"line":27,"column":40},"end":{"line":36,"column":3}}},"4":{"name":"(anonymous_18)","decl":{"start":{"line":46,"column":2},"end":{"line":46,"column":9}},"loc":{"start":{"line":46,"column":51},"end":{"line":54,"column":null}}},"5":{"name":"(anonymous_19)","decl":{"start":{"line":46,"column":51},"end":{"line":46,"column":null}},"loc":{"start":{"line":46,"column":51},"end":{"line":54,"column":3}}},"6":{"name":"(anonymous_20)","decl":{"start":{"line":65,"column":2},"end":{"line":65,"column":9}},"loc":{"start":{"line":65,"column":40},"end":{"line":74,"column":null}}},"7":{"name":"(anonymous_21)","decl":{"start":{"line":65,"column":40},"end":{"line":65,"column":null}},"loc":{"start":{"line":65,"column":40},"end":{"line":74,"column":3}}},"8":{"name":"(anonymous_22)","decl":{"start":{"line":84,"column":2},"end":{"line":84,"column":9}},"loc":{"start":{"line":84,"column":40},"end":{"line":91,"column":null}}},"9":{"name":"(anonymous_23)","decl":{"start":{"line":84,"column":40},"end":{"line":84,"column":null}},"loc":{"start":{"line":84,"column":40},"end":{"line":91,"column":3}}}},"branchMap":{"0":{"loc":{"start":{"line":30,"column":6},"end":{"line":30,"column":48}},"type":"cond-expr","locations":[{"start":{"line":30,"column":15},"end":{"line":30,"column":43}},{"start":{"line":30,"column":46},"end":{"line":30,"column":48}}]},"1":{"loc":{"start":{"line":31,"column":6},"end":{"line":31,"column":59}},"type":"cond-expr","locations":[{"start":{"line":31,"column":13},"end":{"line":31,"column":39}},{"start":{"line":31,"column":42},"end":{"line":31,"column":59}}]},"2":{"loc":{"start":{"line":32,"column":6},"end":{"line":32,"column":39}},"type":"binary-expr","locations":[{"start":{"line":32,"column":6},"end":{"line":32,"column":34}},{"start":{"line":32,"column":38},"end":{"line":32,"column":39}}]},"3":{"loc":{"start":{"line":33,"column":6},"end":{"line":33,"column":41}},"type":"binary-expr","locations":[{"start":{"line":33,"column":6},"end":{"line":33,"column":35}},{"start":{"line":33,"column":39},"end":{"line":33,"column":41}}]},"4":{"loc":{"start":{"line":50,"column":4},"end":{"line":52,"column":5}},"type":"if","locations":[{"start":{"line":50,"column":4},"end":{"line":52,"column":5}}]},"5":{"loc":{"start":{"line":70,"column":4},"end":{"line":72,"column":5}},"type":"if","locations":[{"start":{"line":70,"column":4},"end":{"line":72,"column":5}}]}},"s":{"0":1,"1":1,"2":1,"3":1,"4":1,"5":1,"6":1,"7":1,"8":1,"9":1,"10":1,"11":1,"12":1,"13":2,"14":2,"15":2,"16":1,"17":1,"18":1,"19":2,"20":2,"21":2,"22":1,"23":1,"24":1,"25":2,"26":2,"27":2},"f":{"0":1,"1":1,"2":1,"3":1,"4":2,"5":2,"6":2,"7":2,"8":2,"9":2},"b":{"0":[1,0],"1":[1,0],"2":[1,0],"3":[1,0],"4":[1],"5":[1]}}
,"/Users/rowjay/DEV/nardy-books/src/controllers/userController.ts": {"path":"/Users/rowjay/DEV/nardy-books/src/controllers/userController.ts","statementMap":{"0":{"start":{"line":2,"column":0},"end":{"line":2,"column":55}},"1":{"start":{"line":3,"column":0},"end":{"line":3,"column":41}},"2":{"start":{"line":4,"column":0},"end":{"line":4,"column":45}},"3":{"start":{"line":12,"column":13},"end":{"line":26,"column":2}},"4":{"start":{"line":13,"column":60},"end":{"line":25,"column":null}},"5":{"start":{"line":14,"column":19},"end":{"line":14,"column":21}},"6":{"start":{"line":15,"column":17},"end":{"line":15,"column":19}},"7":{"start":{"line":16,"column":18},"end":{"line":16,"column":20}},"8":{"start":{"line":17,"column":17},"end":{"line":17,"column":18}},"9":{"start":{"line":19,"column":18},"end":{"line":19,"column":74}},"10":{"start":{"line":21,"column":4},"end":{"line":24,"column":7}},"11":{"start":{"line":34,"column":13},"end":{"line":54,"column":2}},"12":{"start":{"line":35,"column":60},"end":{"line":53,"column":null}},"13":{"start":{"line":36,"column":19},"end":{"line":36,"column":32}},"14":{"start":{"line":39,"column":4},"end":{"line":41,"column":5}},"15":{"start":{"line":40,"column":6},"end":{"line":40,"column":60}},"16":{"start":{"line":43,"column":17},"end":{"line":43,"column":54}},"17":{"start":{"line":45,"column":4},"end":{"line":47,"column":5}},"18":{"start":{"line":46,"column":6},"end":{"line":46,"column":55}},"19":{"start":{"line":49,"column":4},"end":{"line":52,"column":7}},"20":{"start":{"line":62,"column":13},"end":{"line":82,"column":2}},"21":{"start":{"line":63,"column":60},"end":{"line":81,"column":null}},"22":{"start":{"line":64,"column":19},"end":{"line":64,"column":32}},"23":{"start":{"line":65,"column":23},"end":{"line":65,"column":31}},"24":{"start":{"line":67,"column":4},"end":{"line":69,"column":5}},"25":{"start":{"line":68,"column":6},"end":{"line":68,"column":60}},"26":{"start":{"line":71,"column":24},"end":{"line":71,"column":72}},"27":{"start":{"line":73,"column":4},"end":{"line":75,"column":5}},"28":{"start":{"line":74,"column":6},"end":{"line":74,"column":55}},"29":{"start":{"line":77,"column":4},"end":{"line":80,"column":7}},"30":{"start":{"line":90,"column":13},"end":{"line":111,"column":2}},"31":{"start":{"line":91,"column":60},"end":{"line":110,"column":null}},"32":{"start":{"line":92,"column":19},"end":{"line":92,"column":32}},"33":{"start":{"line":95,"column":4},"end":{"line":97,"column":5}},"34":{"start":{"line":96,"column":6},"end":{"line":96,"column":60}},"35":{"start":{"line":99,"column":19},"end":{"line":99,"column":55}},"36":{"start":{"line":101,"column":4},"end":{"line":103,"column":5}},"37":{"start":{"line":102,"column":6},"end":{"line":102,"column":55}},"38":{"start":{"line":105,"column":4},"end":{"line":109,"column":7}}},"fnMap":{"0":{"name":"(anonymous_14)","decl":{"start":{"line":13,"column":2},"end":{"line":13,"column":9}},"loc":{"start":{"line":13,"column":60},"end":{"line":25,"column":null}}},"1":{"name":"(anonymous_15)","decl":{"start":{"line":13,"column":60},"end":{"line":13,"column":null}},"loc":{"start":{"line":13,"column":60},"end":{"line":25,"column":3}}},"2":{"name":"(anonymous_16)","decl":{"start":{"line":35,"column":2},"end":{"line":35,"column":9}},"loc":{"start":{"line":35,"column":60},"end":{"line":53,"column":null}}},"3":{"name":"(anonymous_17)","decl":{"start":{"line":35,"column":60},"end":{"line":35,"column":null}},"loc":{"start":{"line":35,"column":60},"end":{"line":53,"column":3}}},"4":{"name":"(anonymous_18)","decl":{"start":{"line":63,"column":2},"end":{"line":63,"column":9}},"loc":{"start":{"line":63,"column":60},"end":{"line":81,"column":null}}},"5":{"name":"(anonymous_19)","decl":{"start":{"line":63,"column":60},"end":{"line":63,"column":null}},"loc":{"start":{"line":63,"column":60},"end":{"line":81,"column":3}}},"6":{"name":"(anonymous_20)","decl":{"start":{"line":91,"column":2},"end":{"line":91,"column":9}},"loc":{"start":{"line":91,"column":60},"end":{"line":110,"column":null}}},"7":{"name":"(anonymous_21)","decl":{"start":{"line":91,"column":60},"end":{"line":91,"column":null}},"loc":{"start":{"line":91,"column":60},"end":{"line":110,"column":3}}}},"branchMap":{"0":{"loc":{"start":{"line":39,"column":4},"end":{"line":41,"column":5}},"type":"if","locations":[{"start":{"line":39,"column":4},"end":{"line":41,"column":5}}]},"1":{"loc":{"start":{"line":45,"column":4},"end":{"line":47,"column":5}},"type":"if","locations":[{"start":{"line":45,"column":4},"end":{"line":47,"column":5}}]},"2":{"loc":{"start":{"line":67,"column":4},"end":{"line":69,"column":5}},"type":"if","locations":[{"start":{"line":67,"column":4},"end":{"line":69,"column":5}}]},"3":{"loc":{"start":{"line":73,"column":4},"end":{"line":75,"column":5}},"type":"if","locations":[{"start":{"line":73,"column":4},"end":{"line":75,"column":5}}]},"4":{"loc":{"start":{"line":95,"column":4},"end":{"line":97,"column":5}},"type":"if","locations":[{"start":{"line":95,"column":4},"end":{"line":97,"column":5}}]},"5":{"loc":{"start":{"line":101,"column":4},"end":{"line":103,"column":5}},"type":"if","locations":[{"start":{"line":101,"column":4},"end":{"line":103,"column":5}}]}},"s":{"0":1,"1":1,"2":1,"3":1,"4":0,"5":0,"6":0,"7":0,"8":0,"9":0,"10":0,"11":1,"12":3,"13":3,"14":3,"15":1,"16":2,"17":2,"18":1,"19":1,"20":1,"21":3,"22":3,"23":3,"24":3,"25":1,"26":2,"27":2,"28":1,"29":1,"30":1,"31":3,"32":3,"33":3,"34":1,"35":2,"36":2,"37":1,"38":1},"f":{"0":0,"1":0,"2":3,"3":3,"4":3,"5":3,"6":3,"7":3},"b":{"0":[1],"1":[1],"2":[1],"3":[1],"4":[1],"5":[1]}}
,"/Users/rowjay/DEV/nardy-books/src/models/authorModel.ts": {"path":"/Users/rowjay/DEV/nardy-books/src/models/authorModel.ts","statementMap":{"0":{"start":{"line":1,"column":0},"end":{"line":1,"column":61}},"1":{"start":{"line":9,"column":38},"end":{"line":13,"column":2}},"2":{"start":{"line":15,"column":15},"end":{"line":15,"column":62}},"3":{"start":{"line":17,"column":0},"end":{"line":17,"column":22}}},"fnMap":{},"branchMap":{},"s":{"0":3,"1":3,"2":3,"3":3},"f":{},"b":{}}
,"/Users/rowjay/DEV/nardy-books/src/models/bookModel.ts": {"path":"/Users/rowjay/DEV/nardy-books/src/models/bookModel.ts","statementMap":{"0":{"start":{"line":1,"column":0},"end":{"line":1,"column":61}},"1":{"start":{"line":14,"column":34},"end":{"line":38,"column":2}},"2":{"start":{"line":40,"column":13},"end":{"line":40,"column":54}},"3":{"start":{"line":42,"column":0},"end":{"line":42,"column":20}}},"fnMap":{},"branchMap":{},"s":{"0":3,"1":3,"2":3,"3":3},"f":{},"b":{}}
,"/Users/rowjay/DEV/nardy-books/src/models/genreModel.ts": {"path":"/Users/rowjay/DEV/nardy-books/src/models/genreModel.ts","statementMap":{"0":{"start":{"line":1,"column":0},"end":{"line":1,"column":61}},"1":{"start":{"line":9,"column":36},"end":{"line":13,"column":2}},"2":{"start":{"line":15,"column":14},"end":{"line":15,"column":58}},"3":{"start":{"line":17,"column":0},"end":{"line":17,"column":21}}},"fnMap":{},"branchMap":{},"s":{"0":1,"1":1,"2":1,"3":1},"f":{},"b":{}}
,"/Users/rowjay/DEV/nardy-books/src/models/paymentModel.ts": {"path":"/Users/rowjay/DEV/nardy-books/src/models/paymentModel.ts","statementMap":{"0":{"start":{"line":1,"column":0},"end":{"line":1,"column":42}},"1":{"start":{"line":2,"column":0},"end":{"line":2,"column":61}},"2":{"start":{"line":13,"column":40},"end":{"line":25,"column":2}},"3":{"start":{"line":27,"column":0},"end":{"line":37,"column":3}},"4":{"start":{"line":28,"column":2},"end":{"line":35,"column":3}},"5":{"start":{"line":29,"column":23},"end":{"line":29,"column":65}},"6":{"start":{"line":30,"column":4},"end":{"line":34,"column":5}},"7":{"start":{"line":31,"column":6},"end":{"line":31,"column":29}},"8":{"start":{"line":33,"column":6},"end":{"line":33,"column":74}},"9":{"start":{"line":36,"column":2},"end":{"line":36,"column":9}},"10":{"start":{"line":39,"column":16},"end":{"line":39,"column":66}},"11":{"start":{"line":41,"column":0},"end":{"line":41,"column":23}}},"fnMap":{"0":{"name":"(anonymous_6)","decl":{"start":{"line":27,"column":36},"end":{"line":27,"column":46}},"loc":{"start":{"line":27,"column":50},"end":{"line":37,"column":1}}}},"branchMap":{"0":{"loc":{"start":{"line":28,"column":2},"end":{"line":35,"column":3}},"type":"if","locations":[{"start":{"line":28,"column":2},"end":{"line":35,"column":3}}]},"1":{"loc":{"start":{"line":30,"column":4},"end":{"line":34,"column":5}},"type":"if","locations":[{"start":{"line":30,"column":4},"end":{"line":34,"column":5}},{"start":{"line":32,"column":11},"end":{"line":34,"column":5}}]}},"s":{"0":1,"1":1,"2":1,"3":1,"4":0,"5":0,"6":0,"7":0,"8":0,"9":0,"10":1,"11":1},"f":{"0":0},"b":{"0":[0],"1":[0,0]}}
,"/Users/rowjay/DEV/nardy-books/src/models/publisherModel.ts": {"path":"/Users/rowjay/DEV/nardy-books/src/models/publisherModel.ts","statementMap":{"0":{"start":{"line":1,"column":0},"end":{"line":1,"column":61}},"1":{"start":{"line":9,"column":44},"end":{"line":13,"column":2}},"2":{"start":{"line":15,"column":18},"end":{"line":15,"column":74}},"3":{"start":{"line":17,"column":0},"end":{"line":17,"column":25}}},"fnMap":{},"branchMap":{},"s":{"0":1,"1":1,"2":1,"3":1},"f":{},"b":{}}
,"/Users/rowjay/DEV/nardy-books/src/models/reviewModel.ts": {"path":"/Users/rowjay/DEV/nardy-books/src/models/reviewModel.ts","statementMap":{"0":{"start":{"line":1,"column":0},"end":{"line":1,"column":61}},"1":{"start":{"line":10,"column":38},"end":{"line":25,"column":2}},"2":{"start":{"line":27,"column":15},"end":{"line":27,"column":62}},"3":{"start":{"line":29,"column":0},"end":{"line":29,"column":22}}},"fnMap":{},"branchMap":{},"s":{"0":1,"1":1,"2":1,"3":1},"f":{},"b":{}}
,"/Users/rowjay/DEV/nardy-books/src/models/subscriptionModel.ts": {"path":"/Users/rowjay/DEV/nardy-books/src/models/subscriptionModel.ts","statementMap":{"0":{"start":{"line":1,"column":0},"end":{"line":1,"column":61}},"1":{"start":{"line":10,"column":50},"end":{"line":15,"column":2}},"2":{"start":{"line":17,"column":21},"end":{"line":19,"column":null}},"3":{"start":{"line":22,"column":0},"end":{"line":22,"column":28}}},"fnMap":{},"branchMap":{},"s":{"0":1,"1":1,"2":1,"3":1},"f":{},"b":{}}
,"/Users/rowjay/DEV/nardy-books/src/models/userModel.ts": {"path":"/Users/rowjay/DEV/nardy-books/src/models/userModel.ts","statementMap":{"0":{"start":{"line":1,"column":0},"end":{"line":1,"column":28}},"1":{"start":{"line":2,"column":0},"end":{"line":2,"column":69}},"2":{"start":{"line":19,"column":34},"end":{"line":32,"column":2}},"3":{"start":{"line":34,"column":0},"end":{"line":46,"column":2}},"4":{"start":{"line":37,"column":4},"end":{"line":37,"column":52}},"5":{"start":{"line":37,"column":38},"end":{"line":37,"column":52}},"6":{"start":{"line":38,"column":4},"end":{"line":44,"column":5}},"7":{"start":{"line":39,"column":19},"end":{"line":39,"column":43}},"8":{"start":{"line":40,"column":6},"end":{"line":40,"column":61}},"9":{"start":{"line":41,"column":6},"end":{"line":41,"column":13}},"10":{"start":{"line":43,"column":6},"end":{"line":43,"column":35}},"11":{"start":{"line":48,"column":0},"end":{"line":52,"column":2}},"12":{"start":{"line":51,"column":2},"end":{"line":51,"column":58}},"13":{"start":{"line":54,"column":13},"end":{"line":54,"column":54}},"14":{"start":{"line":56,"column":0},"end":{"line":56,"column":20}}},"fnMap":{"0":{"name":"(anonymous_14)","decl":{"start":{"line":36,"column":2},"end":{"line":36,"column":18}},"loc":{"start":{"line":36,"column":53},"end":{"line":45,"column":null}}},"1":{"name":"(anonymous_16)","decl":{"start":{"line":48,"column":37},"end":{"line":48,"column":null}},"loc":{"start":{"line":49,"column":27},"end":{"line":52,"column":2}}}},"branchMap":{"0":{"loc":{"start":{"line":37,"column":4},"end":{"line":37,"column":52}},"type":"if","locations":[{"start":{"line":37,"column":4},"end":{"line":37,"column":52}}]}},"s":{"0":1,"1":1,"2":1,"3":1,"4":0,"5":0,"6":0,"7":0,"8":0,"9":0,"10":0,"11":1,"12":0,"13":1,"14":1},"f":{"0":0,"1":0},"b":{"0":[0]}}
,"/Users/rowjay/DEV/nardy-books/src/repositories/authorRepository.ts": {"path":"/Users/rowjay/DEV/nardy-books/src/repositories/authorRepository.ts","statementMap":{"0":{"start":{"line":2,"column":0},"end":{"line":2,"column":56}},"1":{"start":{"line":4,"column":28},"end":{"line":10,"column":2}},"2":{"start":{"line":6,"column":22},"end":{"line":10,"column":2}},"3":{"start":{"line":7,"column":17},"end":{"line":7,"column":39}},"4":{"start":{"line":8,"column":2},"end":{"line":8,"column":22}},"5":{"start":{"line":9,"column":2},"end":{"line":9,"column":16}},"6":{"start":{"line":4,"column":13},"end":{"line":4,"column":28}},"7":{"start":{"line":12,"column":29},"end":{"line":16,"column":2}},"8":{"start":{"line":14,"column":29},"end":{"line":16,"column":2}},"9":{"start":{"line":15,"column":2},"end":{"line":15,"column":47}},"10":{"start":{"line":12,"column":13},"end":{"line":12,"column":29}},"11":{"start":{"line":18,"column":29},"end":{"line":29,"column":2}},"12":{"start":{"line":23,"column":24},"end":{"line":29,"column":2}},"13":{"start":{"line":24,"column":2},"end":{"line":28,"column":23}},"14":{"start":{"line":18,"column":13},"end":{"line":18,"column":29}},"15":{"start":{"line":31,"column":32},"end":{"line":38,"column":2}},"16":{"start":{"line":34,"column":29},"end":{"line":38,"column":2}},"17":{"start":{"line":35,"column":2},"end":{"line":37,"column":4}},"18":{"start":{"line":31,"column":13},"end":{"line":31,"column":32}},"19":{"start":{"line":40,"column":32},"end":{"line":44,"column":2}},"20":{"start":{"line":42,"column":29},"end":{"line":44,"column":2}},"21":{"start":{"line":43,"column":2},"end":{"line":43,"column":38}},"22":{"start":{"line":40,"column":13},"end":{"line":40,"column":32}},"23":{"start":{"line":46,"column":31},"end":{"line":55,"column":2}},"24":{"start":{"line":49,"column":29},"end":{"line":55,"column":2}},"25":{"start":{"line":50,"column":2},"end":{"line":54,"column":22}},"26":{"start":{"line":46,"column":13},"end":{"line":46,"column":31}},"27":{"start":{"line":57,"column":29},"end":{"line":61,"column":2}},"28":{"start":{"line":59,"column":21},"end":{"line":61,"column":2}},"29":{"start":{"line":60,"column":2},"end":{"line":60,"column":39}},"30":{"start":{"line":57,"column":13},"end":{"line":57,"column":29}}},"fnMap":{"0":{"name":"(anonymous_8)","decl":{"start":{"line":4,"column":28},"end":{"line":4,"column":null}},"loc":{"start":{"line":6,"column":22},"end":{"line":10,"column":2}}},"1":{"name":"(anonymous_9)","decl":{"start":{"line":6,"column":22},"end":{"line":6,"column":null}},"loc":{"start":{"line":6,"column":22},"end":{"line":10,"column":1}}},"2":{"name":"(anonymous_10)","decl":{"start":{"line":12,"column":29},"end":{"line":12,"column":null}},"loc":{"start":{"line":14,"column":29},"end":{"line":16,"column":2}}},"3":{"name":"(anonymous_11)","decl":{"start":{"line":14,"column":29},"end":{"line":14,"column":null}},"loc":{"start":{"line":14,"column":29},"end":{"line":16,"column":1}}},"4":{"name":"(anonymous_12)","decl":{"start":{"line":18,"column":29},"end":{"line":18,"column":null}},"loc":{"start":{"line":23,"column":24},"end":{"line":29,"column":2}}},"5":{"name":"(anonymous_13)","decl":{"start":{"line":23,"column":24},"end":{"line":23,"column":null}},"loc":{"start":{"line":23,"column":24},"end":{"line":29,"column":1}}},"6":{"name":"(anonymous_14)","decl":{"start":{"line":31,"column":32},"end":{"line":31,"column":null}},"loc":{"start":{"line":34,"column":29},"end":{"line":38,"column":2}}},"7":{"name":"(anonymous_15)","decl":{"start":{"line":34,"column":29},"end":{"line":34,"column":null}},"loc":{"start":{"line":34,"column":29},"end":{"line":38,"column":1}}},"8":{"name":"(anonymous_16)","decl":{"start":{"line":40,"column":32},"end":{"line":40,"column":null}},"loc":{"start":{"line":42,"column":29},"end":{"line":44,"column":2}}},"9":{"name":"(anonymous_17)","decl":{"start":{"line":42,"column":29},"end":{"line":42,"column":null}},"loc":{"start":{"line":42,"column":29},"end":{"line":44,"column":1}}},"10":{"name":"(anonymous_18)","decl":{"start":{"line":46,"column":31},"end":{"line":46,"column":null}},"loc":{"start":{"line":49,"column":29},"end":{"line":55,"column":2}}},"11":{"name":"(anonymous_19)","decl":{"start":{"line":49,"column":29},"end":{"line":49,"column":null}},"loc":{"start":{"line":49,"column":29},"end":{"line":55,"column":1}}},"12":{"name":"(anonymous_20)","decl":{"start":{"line":57,"column":29},"end":{"line":57,"column":null}},"loc":{"start":{"line":59,"column":21},"end":{"line":61,"column":2}}},"13":{"name":"(anonymous_21)","decl":{"start":{"line":59,"column":21},"end":{"line":59,"column":null}},"loc":{"start":{"line":59,"column":21},"end":{"line":61,"column":1}}}},"branchMap":{},"s":{"0":2,"1":2,"2":1,"3":1,"4":1,"5":1,"6":2,"7":2,"8":0,"9":0,"10":2,"11":2,"12":2,"13":2,"14":2,"15":2,"16":2,"17":2,"18":2,"19":2,"20":2,"21":2,"22":2,"23":2,"24":1,"25":1,"26":2,"27":2,"28":2,"29":2,"30":2},"f":{"0":1,"1":1,"2":0,"3":0,"4":2,"5":2,"6":2,"7":2,"8":2,"9":2,"10":1,"11":1,"12":2,"13":2},"b":{}}
,"/Users/rowjay/DEV/nardy-books/src/repositories/bookRepository.ts": {"path":"/Users/rowjay/DEV/nardy-books/src/repositories/bookRepository.ts","statementMap":{"0":{"start":{"line":1,"column":0},"end":{"line":1,"column":33}},"1":{"start":{"line":2,"column":0},"end":{"line":2,"column":50}},"2":{"start":{"line":3,"column":0},"end":{"line":3,"column":41}},"3":{"start":{"line":11,"column":26},"end":{"line":18,"column":2}},"4":{"start":{"line":11,"column":77},"end":{"line":18,"column":2}},"5":{"start":{"line":12,"column":2},"end":{"line":17,"column":3}},"6":{"start":{"line":13,"column":17},"end":{"line":13,"column":35}},"7":{"start":{"line":14,"column":4},"end":{"line":14,"column":29}},"8":{"start":{"line":16,"column":4},"end":{"line":16,"column":51}},"9":{"start":{"line":11,"column":13},"end":{"line":11,"column":26}},"10":{"start":{"line":26,"column":28},"end":{"line":36,"column":2}},"11":{"start":{"line":28,"column":27},"end":{"line":36,"column":2}},"12":{"start":{"line":29,"column":2},"end":{"line":35,"column":3}},"13":{"start":{"line":30,"column":4},"end":{"line":32,"column":14}},"14":{"start":{"line":34,"column":4},"end":{"line":34,"column":56}},"15":{"start":{"line":26,"column":13},"end":{"line":26,"column":28}},"16":{"start":{"line":44,"column":28},"end":{"line":66,"column":2}},"17":{"start":{"line":46,"column":48},"end":{"line":66,"column":2}},"18":{"start":{"line":47,"column":44},"end":{"line":47,"column":55}},"19":{"start":{"line":47,"column":39},"end":{"line":47,"column":44}},"20":{"start":{"line":49,"column":22},"end":{"line":49,"column":64}},"21":{"start":{"line":50,"column":21},"end":{"line":50,"column":53}},"22":{"start":{"line":51,"column":20},"end":{"line":51,"column":68}},"23":{"start":{"line":53,"column":2},"end":{"line":65,"column":3}},"24":{"start":{"line":54,"column":18},"end":{"line":59,"column":13}},"25":{"start":{"line":60,"column":18},"end":{"line":60,"column":59}},"26":{"start":{"line":62,"column":4},"end":{"line":62,"column":28}},"27":{"start":{"line":64,"column":4},"end":{"line":64,"column":52}},"28":{"start":{"line":44,"column":13},"end":{"line":44,"column":28}},"29":{"start":{"line":75,"column":30},"end":{"line":84,"column":2}},"30":{"start":{"line":78,"column":27},"end":{"line":84,"column":2}},"31":{"start":{"line":79,"column":2},"end":{"line":83,"column":3}},"32":{"start":{"line":80,"column":4},"end":{"line":80,"column":76}},"33":{"start":{"line":82,"column":4},"end":{"line":82,"column":51}},"34":{"start":{"line":75,"column":13},"end":{"line":75,"column":30}},"35":{"start":{"line":92,"column":30},"end":{"line":100,"column":2}},"36":{"start":{"line":94,"column":27},"end":{"line":100,"column":2}},"37":{"start":{"line":95,"column":2},"end":{"line":99,"column":3}},"38":{"start":{"line":96,"column":4},"end":{"line":96,"column":51}},"39":{"start":{"line":98,"column":4},"end":{"line":98,"column":51}},"40":{"start":{"line":92,"column":13},"end":{"line":92,"column":30}},"41":{"start":{"line":109,"column":37},"end":{"line":129,"column":2}},"42":{"start":{"line":112,"column":4},"end":{"line":129,"column":2}},"43":{"start":{"line":113,"column":2},"end":{"line":118,"column":3}},"44":{"start":{"line":117,"column":4},"end":{"line":117,"column":42}},"45":{"start":{"line":120,"column":2},"end":{"line":128,"column":3}},"46":{"start":{"line":121,"column":4},"end":{"line":125,"column":13}},"47":{"start":{"line":127,"column":4},"end":{"line":127,"column":57}},"48":{"start":{"line":109,"column":13},"end":{"line":109,"column":37}},"49":{"start":{"line":138,"column":42},"end":{"line":158,"column":2}},"50":{"start":{"line":141,"column":4},"end":{"line":158,"column":2}},"51":{"start":{"line":142,"column":2},"end":{"line":147,"column":3}},"52":{"start":{"line":146,"column":4},"end":{"line":146,"column":42}},"53":{"start":{"line":149,"column":2},"end":{"line":157,"column":3}},"54":{"start":{"line":150,"column":4},"end":{"line":154,"column":13}},"55":{"start":{"line":156,"column":4},"end":{"line":156,"column":59}},"56":{"start":{"line":138,"column":13},"end":{"line":138,"column":42}}},"fnMap":{"0":{"name":"(anonymous_9)","decl":{"start":{"line":11,"column":26},"end":{"line":11,"column":33}},"loc":{"start":{"line":11,"column":77},"end":{"line":18,"column":2}}},"1":{"name":"(anonymous_10)","decl":{"start":{"line":11,"column":77},"end":{"line":11,"column":null}},"loc":{"start":{"line":11,"column":77},"end":{"line":18,"column":1}}},"2":{"name":"(anonymou
[...]
end":{"line":226,"column":1}}},"30":{"name":"(anonymous_44)","decl":{"start":{"line":228,"column":33},"end":{"line":228,"column":40}},"loc":{"start":{"line":228,"column":76},"end":{"line":234,"column":2}}},"31":{"name":"(anonymous_45)","decl":{"start":{"line":228,"column":76},"end":{"line":228,"column":null}},"loc":{"start":{"line":228,"column":76},"end":{"line":234,"column":1}}}},"branchMap":{"0":{"loc":{"start":{"line":55,"column":2},"end":{"line":57,"column":3}},"type":"if","locations":[{"start":{"line":55,"column":2},"end":{"line":57,"column":3}}]},"1":{"loc":{"start":{"line":55,"column":6},"end":{"line":55,"column":64}},"type":"binary-expr","locations":[{"start":{"line":55,"column":6},"end":{"line":55,"column":26}},{"start":{"line":55,"column":30},"end":{"line":55,"column":64}}]},"2":{"loc":{"start":{"line":60,"column":2},"end":{"line":60,"column":66}},"type":"if","locations":[{"start":{"line":60,"column":2},"end":{"line":60,"column":66}}]},"3":{"loc":{"start":{"line":62,"column":2},"end":{"line":64,"column":3}},"type":"if","locations":[{"start":{"line":62,"column":2},"end":{"line":64,"column":3}}]},"4":{"loc":{"start":{"line":67,"column":2},"end":{"line":67,"column":79}},"type":"if","locations":[{"start":{"line":67,"column":2},"end":{"line":67,"column":79}}]},"5":{"loc":{"start":{"line":84,"column":2},"end":{"line":84,"column":55}},"type":"if","locations":[{"start":{"line":84,"column":2},"end":{"line":84,"column":55}}]},"6":{"loc":{"start":{"line":103,"column":2},"end":{"line":103,"column":65}},"type":"if","locations":[{"start":{"line":103,"column":2},"end":{"line":103,"column":65}}]},"7":{"loc":{"start":{"line":121,"column":2},"end":{"line":121,"column":55}},"type":"if","locations":[{"start":{"line":121,"column":2},"end":{"line":121,"column":55}}]},"8":{"loc":{"start":{"line":127,"column":2},"end":{"line":128,"column":61}},"type":"if","locations":[{"start":{"line":127,"column":2},"end":{"line":128,"column":61}}]},"9":{"loc":{"start":{"line":147,"column":2},"end":{"line":149,"column":3}},"type":"if","locations":[{"start":{"line":147,"column":2},"end":{"line":149,"column":3}}]},"10":{"loc":{"start":{"line":158,"column":2},"end":{"line":158,"column":55}},"type":"if","locations":[{"start":{"line":158,"column":2},"end":{"line":158,"column":55}}]},"11":{"loc":{"start":{"line":174,"column":2},"end":{"line":179,"column":3}},"type":"if","locations":[{"start":{"line":174,"column":2},"end":{"line":179,"column":3}}]},"12":{"loc":{"start":{"line":176,"column":4},"end":{"line":178,"column":5}},"type":"if","locations":[{"start":{"line":176,"column":4},"end":{"line":178,"column":5}}]},"13":{"loc":{"start":{"line":193,"column":2},"end":{"line":196,"column":3}},"type":"if","locations":[{"start":{"line":193,"column":2},"end":{"line":196,"column":3}}]},"14":{"loc":{"start":{"line":203,"column":2},"end":{"line":205,"column":3}},"type":"if","locations":[{"start":{"line":203,"column":2},"end":{"line":205,"column":3}}]},"15":{"loc":{"start":{"line":222,"column":2},"end":{"line":224,"column":3}},"type":"if","locations":[{"start":{"line":222,"column":2},"end":{"line":224,"column":3}}]},"16":{"loc":{"start":{"line":230,"column":2},"end":{"line":232,"column":3}},"type":"if","locations":[{"start":{"line":230,"column":2},"end":{"line":232,"column":3}}]}},"s":{"0":1,"1":1,"2":1,"3":1,"4":1,"5":1,"6":1,"7":1,"8":1,"9":1,"10":0,"11":1,"12":0,"13":1,"14":0,"15":0,"16":0,"17":0,"18":0,"19":0,"20":0,"21":0,"22":1,"23":1,"24":0,"25":0,"26":0,"27":0,"28":0,"29":0,"30":0,"31":0,"32":0,"33":0,"34":0,"35":0,"36":0,"37":0,"38":0,"39":1,"40":1,"41":0,"42":0,"43":0,"44":1,"45":1,"46":0,"47":0,"48":0,"49":0,"50":0,"51":0,"52":0,"53":0,"54":0,"55":0,"56":1,"57":1,"58":0,"59":0,"60":0,"61":0,"62":0,"63":0,"64":0,"65":0,"66":0,"67":0,"68":1,"69":1,"70":0,"71":0,"72":0,"73":0,"74":0,"75":0,"76":0,"77":0,"78":0,"79":0,"80":0,"81":1,"82":1,"83":0,"84":0,"85":0,"86":0,"87":0,"88":0,"89":1,"90":1,"91":0,"92":0,"93":0,"94":0,"95":0,"96":0,"97":0,"98":0,"99":0,"100":0,"101":1,"102":1,"103":0,"104":0,"105":0,"106":0,"107":0,"108":0,"109":0,"110":0,"111":1,"112":1,"113":0,"114":0,"115":0,"116":0,"117":0,"118":0,"119":0,"120":1,"121":1,"122":0,"123":0,"124":0,"125":0,"126":0,"127":1,"128":1,"129":0,"130":0,"131":0,"132":0,"133":1,"134":1,"135":0,"136":0,"137":1,"138":1,"139":0,"140":0,"141":0,"142":0,"143":0,"144":1,"145":1,"146":0,"147":0,"148":0,"149":0,"150":0,"151":1},"f":{"0":0,"1":0,"2":0,"3":0,"4":0,"5":0,"6":0,"7":0,"8":0,"9":0,"10":0,"11":0,"12":0,"13":0,"14":0,"15":0,"16":0,"17":0,"18":0,"19":0,"20":0,"21":0,"22":0,"23":0,"24":0,"25":0,"26":0,"27":0,"28":0,"29":0,"30":0,"31":0},"b":{"0":[0],"1":[0,0],"2":[0],"3":[0],"4":[0],"5":[0],"6":[0],"7":[0],"8":[0],"9":[0],"10":[0],"11":[0],"12":[0],"13":[0],"14":[0],"15":[0],"16":[0]}}
,"/Users/rowjay/DEV/nardy-books/src/tests/integration/testSetup.ts": {"path":"/Users/rowjay/DEV/nardy-books/src/tests/integration/testSetup.ts","statementMap":{"0":{"start":{"line":1,"column":0},"end":{"line":1,"column":32}},"1":{"start":{"line":2,"column":0},"end":{"line":2,"column":58}},"2":{"start":{"line":3,"column":0},"end":{"line":3,"column":42}},"3":{"start":{"line":4,"column":0},"end":{"line":4,"column":46}},"4":{"start":{"line":8,"column":27},"end":{"line":16,"column":2}},"5":{"start":{"line":8,"column":38},"end":{"line":16,"column":2}},"6":{"start":{"line":9,"column":2},"end":{"line":9,"column":49}},"7":{"start":{"line":10,"column":19},"end":{"line":10,"column":39}},"8":{"start":{"line":11,"column":2},"end":{"line":11,"column":35}},"9":{"start":{"line":14,"column":2},"end":{"line":14,"column":38}},"10":{"start":{"line":15,"column":2},"end":{"line":15,"column":42}},"11":{"start":{"line":8,"column":13},"end":{"line":8,"column":27}},"12":{"start":{"line":18,"column":30},"end":{"line":21,"column":2}},"13":{"start":{"line":18,"column":41},"end":{"line":21,"column":2}},"14":{"start":{"line":19,"column":2},"end":{"line":19,"column":30}},"15":{"start":{"line":20,"column":2},"end":{"line":20,"column":27}},"16":{"start":{"line":18,"column":13},"end":{"line":18,"column":30}},"17":{"start":{"line":23,"column":29},"end":{"line":28,"column":2}},"18":{"start":{"line":23,"column":40},"end":{"line":28,"column":2}},"19":{"start":{"line":24,"column":22},"end":{"line":24,"column":53}},"20":{"start":{"line":25,"column":2},"end":{"line":27,"column":3}},"21":{"start":{"line":26,"column":4},"end":{"line":26,"column":42}},"22":{"start":{"line":23,"column":13},"end":{"line":23,"column":29}}},"fnMap":{"0":{"name":"(anonymous_8)","decl":{"start":{"line":8,"column":27},"end":{"line":8,"column":36}},"loc":{"start":{"line":8,"column":38},"end":{"line":16,"column":2}}},"1":{"name":"(anonymous_9)","decl":{"start":{"line":8,"column":38},"end":{"line":8,"column":null}},"loc":{"start":{"line":8,"column":38},"end":{"line":16,"column":1}}},"2":{"name":"(anonymous_10)","decl":{"start":{"line":18,"column":30},"end":{"line":18,"column":39}},"loc":{"start":{"line":18,"column":41},"end":{"line":21,"column":2}}},"3":{"name":"(anonymous_11)","decl":{"start":{"line":18,"column":41},"end":{"line":18,"column":null}},"loc":{"start":{"line":18,"column":41},"end":{"line":21,"column":1}}},"4":{"name":"(anonymous_12)","decl":{"start":{"line":23,"column":29},"end":{"line":23,"column":38}},"loc":{"start":{"line":23,"column":40},"end":{"line":28,"column":2}}},"5":{"name":"(anonymous_13)","decl":{"start":{"line":23,"column":40},"end":{"line":23,"column":null}},"loc":{"start":{"line":23,"column":40},"end":{"line":28,"column":1}}}},"branchMap":{},"s":{"0":2,"1":2,"2":2,"3":2,"4":2,"5":2,"6":2,"7":2,"8":2,"9":2,"10":2,"11":2,"12":2,"13":2,"14":2,"15":2,"16":2,"17":2,"18":18,"19":18,"20":18,"21":36,"22":2},"f":{"0":2,"1":2,"2":2,"3":2,"4":18,"5":18},"b":{}}
,"/Users/rowjay/DEV/nardy-books/src/utils/appError.ts": {"path":"/Users/rowjay/DEV/nardy-books/src/utils/appError.ts","statementMap":{"0":{"start":{"line":6,"column":4},"end":{"line":6,"column":19}},"1":{"start":{"line":5,"column":38},"end":{"line":5,"column":56}},"2":{"start":{"line":8,"column":4},"end":{"line":8,"column":69}},"3":{"start":{"line":9,"column":4},"end":{"line":9,"column":30}},"4":{"start":{"line":11,"column":4},"end":{"line":11,"column":52}},"5":{"start":{"line":15,"column":0},"end":{"line":15,"column":24}}},"fnMap":{"0":{"name":"(anonymous_0)","decl":{"start":{"line":5,"column":2},"end":{"line":5,"column":14}},"loc":{"start":{"line":5,"column":56},"end":{"line":12,"column":3}}}},"branchMap":{"0":{"loc":{"start":{"line":8,"column":18},"end":{"line":8,"column":68}},"type":"cond-expr","locations":[{"start":{"line":8,"column":52},"end":{"line":8,"column":58}},{"start":{"line":8,"column":61},"end":{"line":8,"column":68}}]}},"s":{"0":66,"1":66,"2":66,"3":66,"4":66,"5":12},"f":{"0":66},"b":{"0":[64,2]}}
,"/Users/rowjay/DEV/nardy-books/src/utils/cache.ts": {"path":"/Users/rowjay/DEV/nardy-books/src/utils/cache.ts","statementMap":{"0":{"start":{"line":1,"column":0},"end":{"line":1,"column":35}},"1":{"start":{"line":3,"column":13},"end":{"line":3,"column":37}},"2":{"start":{"line":5,"column":14},"end":{"line":5,"column":76}},"3":{"start":{"line":7,"column":0},"end":{"line":7,"column":21}}},"fnMap":{},"branchMap":{},"s":{"0":10,"1":10,"2":10,"3":10},"f":{},"b":{}}
,"/Users/rowjay/DEV/nardy-books/src/utils/catchAsync.ts": {"path":"/Users/rowjay/DEV/nardy-books/src/utils/catchAsync.ts","statementMap":{"0":{"start":{"line":4,"column":2},"end":{"line":7,"column":3}},"1":{"start":{"line":5,"column":2},"end":{"line":7,"column":3}},"2":{"start":{"line":6,"column":4},"end":{"line":6,"column":35}},"3":{"start":{"line":9,"column":0},"end":{"line":9,"column":26}}},"fnMap":{"0":{"name":"(anonymous_0)","decl":{"start":{"line":4,"column":2},"end":{"line":4,"column":3}},"loc":{"start":{"line":5,"column":2},"end":{"line":7,"column":3}}},"1":{"name":"(anonymous_1)","decl":{"start":{"line":5,"column":2},"end":{"line":5,"column":3}},"loc":{"start":{"line":5,"column":54},"end":{"line":7,"column":3}}}},"branchMap":{},"s":{"0":8,"1":48,"2":78,"3":8},"f":{"0":48,"1":78},"b":{}}
,"/Users/rowjay/DEV/nardy-books/src/utils/emailUtils.ts": {"path":"/Users/rowjay/DEV/nardy-books/src/utils/emailUtils.ts","statementMap":{"0":{"start":{"line":1,"column":0},"end":{"line":1,"column":36}},"1":{"start":{"line":2,"column":0},"end":{"line":2,"column":32}},"2":{"start":{"line":4,"column":20},"end":{"line":11,"column":2}},"3":{"start":{"line":14,"column":18},"end":{"line":51,"column":2}},"4":{"start":{"line":15,"column":72},"end":{"line":25,"column":4}},"5":{"start":{"line":27,"column":59},"end":{"line":37,"column":4}},"6":{"start":{"line":39,"column":53},"end":{"line":50,"column":4}},"7":{"start":{"line":53,"column":32},"end":{"line":64,"column":2}},"8":{"start":{"line":57,"column":19},"end":{"line":64,"column":2}},"9":{"start":{"line":58,"column":34},"end":{"line":61,"column":null}},"10":{"start":{"line":63,"column":2},"end":{"line":63,"column":58}},"11":{"start":{"line":53,"column":13},"end":{"line":53,"column":32}},"12":{"start":{"line":66,"column":37},"end":{"line":72,"column":2}},"13":{"start":{"line":69,"column":19},"end":{"line":72,"column":2}},"14":{"start":{"line":70,"column":34},"end":{"line":70,"column":78}},"15":{"start":{"line":71,"column":2},"end":{"line":71,"column":58}},"16":{"start":{"line":66,"column":13},"end":{"line":66,"column":37}},"17":{"start":{"line":74,"column":38},"end":{"line":80,"column":2}},"18":{"start":{"line":77,"column":19},"end":{"line":80,"column":2}},"19":{"start":{"line":78,"column":34},"end":{"line":78,"column":72}},"20":{"start":{"line":79,"column":2},"end":{"line":79,"column":58}},"21":{"start":{"line":74,"column":13},"end":{"line":74,"column":38}},"22":{"start":{"line":82,"column":25},"end":{"line":94,"column":2}},"23":{"start":{"line":86,"column":20},"end":{"line":94,"column":2}},"24":{"start":{"line":87,"column":19},"end":{"line":87,"column":56}},"25":{"start":{"line":88,"column":2},"end":{"line":93,"column":5}},"26":{"start":{"line":82,"column":13},"end":{"line":82,"column":25}}},"fnMap":{"0":{"name":"(anonymous_8)","decl":{"start":{"line":15,"column":11},"end":{"line":15,"column":12}},"loc":{"start":{"line":15,"column":72},"end":{"line":25,"column":4}}},"1":{"name":"(anonymous_9)","decl":{"start":{"line":27,"column":16},"end":{"line":27,"column":17}},"loc":{"start":{"line":27,"column":59},"end":{"line":37,"column":4}}},"2":{"name":"(anonymous_10)","decl":{"start":{"line":39,"column":17},"end":{"line":39,"column":18}},"loc":{"start":{"line":39,"column":53},"end":{"line":50,"column":4}}},"3":{"name":"(anonymous_11)","decl":{"start":{"line":53,"column":32},"end":{"line":53,"column":null}},"loc":{"start":{"line":57,"column":19},"end":{"line":64,"column":2}}},"4":{"name":"(anonymous_12)","decl":{"start":{"line":57,"column":19},"end":{"line":57,"column":null}},"loc":{"start":{"line":57,"column":19},"end":{"line":64,"column":1}}},"5":{"name":"(anonymous_13)","decl":{"start":{"line":66,"column":37},"end":{"line":66,"column":null}},"loc":{"start":{"line":69,"column":19},"end":{"line":72,"column":2}}},"6":{"name":"(anonymous_14)","decl":{"start":{"line":69,"column":19},"end":{"line":69,"column":null}},"loc":{"start":{"line":69,"column":19},"end":{"line":72,"column":1}}},"7":{"name":"(anonymous_15)","decl":{"start":{"line":74,"column":38},"end":{"line":74,"column":null}},"loc":{"start":{"line":77,"column":19},"end":{"line":80,"column":2}}},"8":{"name":"(anonymous_16)","decl":{"start":{"line":77,"column":19},"end":{"line":77,"column":null}},"loc":{"start":{"line":77,"column":19},"end":{"line":80,"column":1}}},"9":{"name":"(anonymous_17)","decl":{"start":{"line":82,"column":25},"end":{"line":82,"column":32}},"loc":{"start":{"line":86,"column":20},"end":{"line":94,"column":2}}},"10":{"name":"(anonymous_18)","decl":{"start":{"line":86,"column":20},"end":{"line":86,"column":null}},"loc":{"start":{"line":86,"column":20},"end":{"line":94,"column":1}}}},"branchMap":{},"s":{"0":1,"1":1,"2":1,"3":1,"4":0,"5":0,"6":0,"7":1,"8":0,"9":0,"10":0,"11":1,"12":1,"13":0,"14":0,"15":0,"16":1,"17":1,"18":0,"19":0,"20":0,"21":1,"22":1,"23":0,"24":0,"25":0,"26":1},"f":{"0":0,"1":0,"2":0,"3":0,"4":0,"5":0,"6":0,"7":0,"8":0,"9":0,"10":0},"b":{}}
,"/Users/rowjay/DEV/nardy-books/src/utils/flutterwave.ts": {"path":"/Users/rowjay/DEV/nardy-books/src/utils/flutterwave.ts","statementMap":{"0":{"start":{"line":1,"column":0},"end":{"line":1,"column":26}},"1":{"start":{"line":2,"column":0},"end":{"line":2,"column":32}},"2":{"start":{"line":4,"column":36},"end":{"line":4,"column":67}},"3":{"start":{"line":6,"column":44},"end":{"line":30,"column":2}},"4":{"start":{"line":10,"column":4},"end":{"line":30,"column":2}},"5":{"start":{"line":11,"column":19},"end":{"line":27,"column":null}},"6":{"start":{"line":29,"column":2},"end":{"line":29,"column":23}},"7":{"start":{"line":6,"column":13},"end":{"line":6,"column":44}},"8":{"start":{"line":32,"column":40},"end":{"line":43,"column":2}},"9":{"start":{"line":32,"column":68},"end":{"line":43,"column":2}},"10":{"start":{"line":33,"column":19},"end":{"line":40,"column":null}},"11":{"start":{"line":42,"column":2},"end":{"line":42,"column":23}},"12":{"start":{"line":32,"column":13},"end":{"line":32,"column":40}}},"fnMap":{"0":{"name":"(anonymous_8)","decl":{"start":{"line":6,"column":44},"end":{"line":6,"column":null}},"loc":{"start":{"line":10,"column":4},"end":{"line":30,"column":2}}},"1":{"name":"(anonymous_9)","decl":{"start":{"line":10,"column":4},"end":{"line":10,"column":null}},"loc":{"start":{"line":10,"column":4},"end":{"line":30,"column":1}}},"2":{"name":"(anonymous_10)","decl":{"start":{"line":32,"column":40},"end":{"line":32,"column":47}},"loc":{"start":{"line":32,"column":68},"end":{"line":43,"column":2}}},"3":{"name":"(anonymous_11)","decl":{"start":{"line":32,"column":68},"end":{"line":32,"column":null}},"loc":{"start":{"line":32,"column":68},"end":{"line":43,"column":1}}}},"branchMap":{},"s":{"0":1,"1":1,"2":1,"3":1,"4":0,"5":0,"6":0,"7":1,"8":1,"9":0,"10":0,"11":0,"12":1},"f":{"0":0,"1":0,"2":0,"3":0},"b":{}}
,"/Users/rowjay/DEV/nardy-books/src/utils/paystack.ts": {"path":"/Users/rowjay/DEV/nardy-books/src/utils/paystack.ts","statementMap":{"0":{"start":{"line":1,"column":0},"end":{"line":1,"column":26}},"1":{"start":{"line":2,"column":0},"end":{"line":2,"column":32}},"2":{"start":{"line":4,"column":33},"end":{"line":4,"column":61}},"3":{"start":{"line":6,"column":33},"end":{"line":26,"column":2}},"4":{"start":{"line":10,"column":18},"end":{"line":26,"column":2}},"5":{"start":{"line":11,"column":2},"end":{"line":25,"column":3}},"6":{"start":{"line":12,"column":21},"end":{"line":20,"column":null}},"7":{"start":{"line":22,"column":4},"end":{"line":22,"column":25}},"8":{"start":{"line":24,"column":4},"end":{"line":24,"column":67}},"9":{"start":{"line":6,"column":13},"end":{"line":6,"column":33}},"10":{"start":{"line":29,"column":29},"end":{"line":40,"column":2}},"11":{"start":{"line":29,"column":57},"end":{"line":40,"column":2}},"12":{"start":{"line":30,"column":19},"end":{"line":37,"column":null}},"13":{"start":{"line":39,"column":2},"end":{"line":39,"column":23}},"14":{"start":{"line":29,"column":13},"end":{"line":29,"column":29}}},"fnMap":{"0":{"name":"(anonymous_8)","decl":{"start":{"line":6,"column":33},"end":{"line":6,"column":null}},"loc":{"start":{"line":10,"column":18},"end":{"line":26,"column":2}}},"1":{"name":"(anonymous_9)","decl":{"start":{"line":10,"column":18},"end":{"line":10,"column":null}},"loc":{"start":{"line":10,"column":18},"end":{"line":26,"column":1}}},"2":{"name":"(anonymous_10)","decl":{"start":{"line":29,"column":29},"end":{"line":29,"column":36}},"loc":{"start":{"line":29,"column":57},"end":{"line":40,"column":2}}},"3":{"name":"(anonymous_11)","decl":{"start":{"line":29,"column":57},"end":{"line":29,"column":null}},"loc":{"start":{"line":29,"column":57},"end":{"line":40,"column":1}}}},"branchMap":{},"s":{"0":1,"1":1,"2":1,"3":1,"4":0,"5":0,"6":0,"7":0,"8":0,"9":1,"10":1,"11":0,"12":0,"13":0,"14":1},"f":{"0":0,"1":0,"2":0,"3":0},"b":{}}
,"/Users/rowjay/DEV/nardy-books/src/utils/referenceTag.ts": {"path":"/Users/rowjay/DEV/nardy-books/src/utils/referenceTag.ts","statementMap":{"0":{"start":{"line":1,"column":0},"end":{"line":1,"column":36}},"1":{"start":{"line":3,"column":39},"end":{"line":6,"column":1}},"2":{"start":{"line":4,"column":15},"end":{"line":4,"column":57}},"3":{"start":{"line":5,"column":2},"end":{"line":5,"column":28}},"4":{"start":{"line":3,"column":13},"end":{"line":3,"column":39}}},"fnMap":{"0":{"name":"(anonymous_0)","decl":{"start":{"line":3,"column":39},"end":{"line":3,"column":40}},"loc":{"start":{"line":3,"column":66},"end":{"line":6,"column":1}}}},"branchMap":{},"s":{"0":1,"1":1,"2":0,"3":0,"4":1},"f":{"0":0},"b":{}}
,"/Users/rowjay/DEV/nardy-books/src/utils/testHelpers.ts": {"path":"/Users/rowjay/DEV/nardy-books/src/utils/testHelpers.ts","statementMap":{"0":{"start":{"line":3,"column":27},"end":{"line":8,"column":2}},"1":{"start":{"line":3,"column":52},"end":{"line":8,"column":2}},"2":{"start":{"line":3,"column":13},"end":{"line":3,"column":27}},"3":{"start":{"line":10,"column":28},"end":{"line":16,"column":1}},"4":{"start":{"line":11,"column":19},"end":{"line":11,"column":21}},"5":{"start":{"line":12,"column":2},"end":{"line":12,"column":46}},"6":{"start":{"line":13,"column":2},"end":{"line":13,"column":44}},"7":{"start":{"line":14,"column":2},"end":{"line":14,"column":46}},"8":{"start":{"line":15,"column":2},"end":{"line":15,"column":13}},"9":{"start":{"line":10,"column":13},"end":{"line":10,"column":28}}},"fnMap":{"0":{"name":"(anonymous_0)","decl":{"start":{"line":3,"column":27},"end":{"line":3,"column":48}},"loc":{"start":{"line":3,"column":52},"end":{"line":8,"column":2}}},"1":{"name":"(anonymous_1)","decl":{"start":{"line":10,"column":28},"end":{"line":10,"column":31}},"loc":{"start":{"line":10,"column":33},"end":{"line":16,"column":1}}}},"branchMap":{},"s":{"0":7,"1":67,"2":7,"3":7,"4":67,"5":67,"6":67,"7":67,"8":67,"9":7},"f":{"0":67,"1":67},"b":{}}
}
