TN:
SF:src/config/env.ts
FNF:0
FNH:0
DA:1,2
DA:3,2
DA:5,2
DA:29,2
LF:4
LH:4
BRDA:6,0,0,2
BRDA:6,0,1,0
BRDA:7,1,0,2
BRDA:7,1,1,0
BRDA:8,2,0,2
BRDA:8,2,1,0
BRDA:9,3,0,2
BRDA:9,3,1,0
BRDA:10,4,0,2
BRDA:10,4,1,2
BRDA:11,5,0,2
BRDA:11,5,1,0
BRDA:12,6,0,2
BRDA:12,6,1,0
BRDA:13,7,0,2
BRDA:13,7,1,0
BRDA:14,8,0,2
BRDA:14,8,1,0
BRDA:15,9,0,2
BRDA:15,9,1,0
BRDA:16,10,0,2
BRDA:16,10,1,0
BRDA:17,11,0,2
BRDA:17,11,1,0
BRDA:18,12,0,2
BRDA:18,12,1,0
BRDA:19,13,0,2
BRDA:19,13,1,0
BRDA:20,14,0,2
BRDA:20,14,1,0
BRDA:21,15,0,2
BRDA:21,15,1,0
BRDA:22,16,0,2
BRDA:22,16,1,0
BRDA:23,17,0,2
BRDA:23,17,1,0
BRDA:24,18,0,2
BRDA:24,18,1,0
BRDA:25,19,0,2
BRDA:25,19,1,2
BRF:40
BRH:22
end_of_record
TN:
SF:src/controllers/authorController.ts
FN:15,(anonymous_14)
FN:15,(anonymous_15)
FN:34,(anonymous_16)
FN:34,(anonymous_17)
FN:57,(anonymous_18)
FN:57,(anonymous_19)
FN:94,(anonymous_20)
FN:94,(anonymous_21)
FN:117,(anonymous_22)
FN:117,(anonymous_23)
FN:139,(anonymous_24)
FN:139,(anonymous_25)
FNF:12
FNH:12
FNDA:1,(anonymous_14)
FNDA:1,(anonymous_15)
FNDA:2,(anonymous_16)
FNDA:2,(anonymous_17)
FNDA:1,(anonymous_18)
FNDA:1,(anonymous_19)
FNDA:2,(anonymous_20)
FNDA:2,(anonymous_21)
FNDA:2,(anonymous_22)
FNDA:2,(anonymous_23)
FNDA:2,(anonymous_24)
FNDA:2,(anonymous_25)
DA:2,1
DA:3,1
DA:4,1
DA:5,1
DA:14,1
DA:15,1
DA:16,1
DA:17,1
DA:33,1
DA:34,2
DA:35,2
DA:36,2
DA:37,2
DA:38,1
DA:40,1
DA:56,1
DA:57,1
DA:64,1
DA:66,1
DA:74,1
DA:93,1
DA:94,2
DA:95,2
DA:96,2
DA:97,2
DA:98,1
DA:100,1
DA:116,1
DA:117,2
DA:118,2
DA:119,2
DA:120,2
DA:121,1
DA:123,1
DA:138,1
DA:139,2
DA:140,2
DA:141,2
DA:142,2
DA:143,2
DA:144,1
DA:146,1
LF:42
LH:42
BRDA:37,0,0,1
BRDA:60,1,0,1
BRDA:61,2,0,1
BRDA:62,3,0,1
BRDA:63,4,0,1
BRDA:97,5,0,1
BRDA:120,6,0,1
BRDA:143,7,0,1
BRF:8
BRH:8
end_of_record
TN:
SF:src/controllers/bookController.ts
FN:15,(anonymous_14)
FN:15,(anonymous_15)
FN:28,(anonymous_16)
FN:28,(anonymous_17)
FN:47,(anonymous_18)
FN:47,(anonymous_19)
FN:60,(anonymous_20)
FN:60,(anonymous_21)
FN:79,(anonymous_22)
FN:79,(anonymous_23)
FN:92,(anonymous_24)
FN:92,(anonymous_25)
FN:117,(anonymous_26)
FN:117,(anonymous_27)
FNF:14
FNH:14
FNDA:1,(anonymous_14)
FNDA:1,(anonymous_15)
FNDA:2,(anonymous_16)
FNDA:2,(anonymous_17)
FNDA:1,(anonymous_18)
FNDA:1,(anonymous_19)
FNDA:2,(anonymous_20)
FNDA:2,(anonymous_21)
FNDA:1,(anonymous_22)
FNDA:1,(anonymous_23)
FNDA:3,(anonymous_24)
FNDA:3,(anonymous_25)
FNDA:3,(anonymous_26)
FNDA:3,(anonymous_27)
DA:2,1
DA:3,1
DA:4,1
DA:5,1
DA:15,1
DA:16,1
DA:17,1
DA:28,2
DA:29,2
DA:30,2
DA:32,2
DA:33,1
DA:36,1
DA:47,1
DA:48,1
DA:49,1
DA:60,2
DA:61,2
DA:62,2
DA:64,2
DA:65,1
DA:68,1
DA:79,1
DA:80,1
DA:81,1
DA:92,3
DA:93,3
DA:94,3
DA:96,3
DA:97,1
DA:100,2
DA:102,2
DA:103,1
DA:106,1
DA:117,3
DA:118,3
DA:119,3
DA:121,3
DA:122,1
DA:125,2
DA:127,2
DA:128,1
DA:131,1
LF:43
LH:43
BRDA:32,0,0,1
BRDA:64,1,0,1
BRDA:96,2,0,1
BRDA:96,3,0,3
BRDA:96,3,1,2
BRDA:102,4,0,1
BRDA:121,5,0,1
BRDA:121,6,0,3
BRDA:121,6,1,2
BRDA:127,7,0,1
BRF:10
BRH:10
end_of_record
TN:
SF:src/controllers/genreController.ts
FN:13,(anonymous_14)
FN:29,(anonymous_15)
FN:29,(anonymous_16)
FN:48,(anonymous_17)
FN:48,(anonymous_18)
FN:71,(anonymous_19)
FN:71,(anonymous_20)
FN:101,(anonymous_21)
FN:101,(anonymous_22)
FN:124,(anonymous_23)
FN:124,(anonymous_24)
FN:146,(anonymous_25)
FN:146,(anonymous_26)
FNF:13
FNH:13
FNDA:10,(anonymous_14)
FNDA:1,(anonymous_15)
FNDA:1,(anonymous_16)
FNDA:2,(anonymous_17)
FNDA:2,(anonymous_18)
FNDA:1,(anonymous_19)
FNDA:1,(anonymous_20)
FNDA:2,(anonymous_21)
FNDA:2,(anonymous_22)
FNDA:2,(anonymous_23)
FNDA:2,(anonymous_24)
FNDA:2,(anonymous_25)
FNDA:2,(anonymous_26)
DA:2,1
DA:3,1
DA:4,1
DA:5,1
DA:13,1
DA:14,10
DA:15,10
DA:17,0
DA:28,1
DA:29,1
DA:30,1
DA:31,1
DA:47,1
DA:48,2
DA:49,2
DA:50,2
DA:51,2
DA:52,1
DA:54,1
DA:70,1
DA:71,1
DA:72,1
DA:78,1
DA:84,1
DA:100,1
DA:101,2
DA:102,2
DA:103,2
DA:104,2
DA:105,1
DA:107,1
DA:123,1
DA:124,2
DA:125,2
DA:126,2
DA:127,2
DA:128,1
DA:130,1
DA:145,1
DA:146,2
DA:147,2
DA:148,2
DA:152,2
DA:153,1
DA:155,1
LF:45
LH:44
BRDA:51,0,0,1
BRDA:104,1,0,1
BRDA:127,2,0,1
BRDA:152,3,0,1
BRF:4
BRH:4
end_of_record
TN:
SF:src/controllers/paymentController.ts
FN:15,(anonymous_14)
FN:15,(anonymous_15)
FN:31,(anonymous_16)
FN:31,(anonymous_17)
FN:48,(anonymous_18)
FN:48,(anonymous_19)
FN:68,(anonymous_20)
FN:68,(anonymous_21)
FN:85,(anonymous_22)
FN:85,(anonymous_23)
FN:103,(anonymous_24)
FN:103,(anonymous_25)
FN:123,(anonymous_26)
FN:123,(anonymous_27)
FN:138,(anonymous_28)
FN:138,(anonymous_29)
FN:156,(anonymous_30)
FN:156,(anonymous_31)
FNF:18
FNH:18
FNDA:1,(anonymous_14)
FNDA:1,(anonymous_15)
FNDA:2,(anonymous_16)
FNDA:2,(anonymous_17)
FNDA:1,(anonymous_18)
FNDA:1,(anonymous_19)
FNDA:2,(anonymous_20)
FNDA:2,(anonymous_21)
FNDA:1,(anonymous_22)
FNDA:1,(anonymous_23)
FNDA:1,(anonymous_24)
FNDA:1,(anonymous_25)
FNDA:1,(anonymous_26)
FNDA:1,(anonymous_27)
FNDA:1,(anonymous_28)
FNDA:1,(anonymous_29)
FNDA:1,(anonymous_30)
FNDA:1,(anonymous_31)
DA:2,1
DA:3,1
DA:4,1
DA:5,1
DA:14,1
DA:15,1
DA:16,1
DA:17,1
DA:30,1
DA:31,2
DA:32,2
DA:33,2
DA:34,1
DA:36,1
DA:47,1
DA:48,1
DA:49,1
DA:50,1
DA:56,1
DA:67,1
DA:68,2
DA:69,2
DA:70,2
DA:71,1
DA:73,1
DA:84,1
DA:85,1
DA:86,1
DA:87,1
DA:102,1
DA:103,1
DA:104,1
DA:105,1
DA:109,1
DA:122,1
DA:123,1
DA:124,1
DA:125,1
DA:126,1
DA:137,1
DA:138,1
DA:139,1
DA:141,1
DA:142,1
DA:155,1
DA:156,1
DA:157,1
DA:158,1
DA:159,1
LF:49
LH:49
BRDA:33,0,0,1
BRDA:51,1,0,1
BRDA:51,1,1,0
BRDA:52,2,0,1
BRDA:52,2,1,0
BRDA:53,3,0,1
BRDA:53,3,1,0
BRDA:54,4,0,1
BRDA:54,4,1,0
BRDA:70,5,0,1
BRF:10
BRH:6
end_of_record
TN:
SF:src/controllers/publisherController.ts
FN:13,(anonymous_14)
FN:29,(anonymous_15)
FN:29,(anonymous_16)
FN:51,(anonymous_17)
FN:51,(anonymous_18)
FN:74,(anonymous_19)
FN:74,(anonymous_20)
FN:106,(anonymous_21)
FN:106,(anonymous_22)
FN:132,(anonymous_23)
FN:132,(anonymous_24)
FN:156,(anonymous_25)
FN:156,(anonymous_26)
FNF:13
FNH:7
FNDA:7,(anonymous_14)
FNDA:2,(anonymous_15)
FNDA:2,(anonymous_16)
FNDA:0,(anonymous_17)
FNDA:0,(anonymous_18)
FNDA:2,(anonymous_19)
FNDA:2,(anonymous_20)
FNDA:0,(anonymous_21)
FNDA:0,(anonymous_22)
FNDA:0,(anonymous_23)
FNDA:0,(anonymous_24)
FNDA:4,(anonymous_25)
FNDA:4,(anonymous_26)
DA:2,1
DA:3,1
DA:4,1
DA:5,1
DA:13,1
DA:14,7
DA:15,7
DA:17,2
DA:28,1
DA:29,2
DA:30,2
DA:31,2
DA:32,1
DA:39,1
DA:50,1
DA:51,0
DA:52,0
DA:53,0
DA:54,0
DA:55,0
DA:57,0
DA:73,1
DA:74,2
DA:75,2
DA:76,2
DA:77,2
DA:79,2
DA:86,1
DA:93,1
DA:105,1
DA:106,0
DA:107,0
DA:108,0
DA:112,0
DA:113,0
DA:115,0
DA:131,1
DA:132,0
DA:133,0
DA:134,0
DA:137,0
DA:138,0
DA:140,0
DA:155,1
DA:156,4
DA:157,4
DA:158,3
DA:160,2
DA:165,2
DA:166,1
DA:169,1
LF:51
LH:33
BRDA:54,0,0,0
BRDA:76,1,0,2
BRDA:76,1,1,2
BRDA:77,2,0,2
BRDA:77,2,1,2
BRDA:112,3,0,0
BRDA:137,4,0,0
BRDA:165,5,0,1
BRF:8
BRH:5
end_of_record
TN:
SF:src/controllers/reviewController.ts
FN:15,(anonymous_14)
FN:15,(anonymous_15)
FN:34,(anonymous_16)
FN:34,(anonymous_17)
FN:60,(anonymous_18)
FN:60,(anonymous_19)
FN:101,(anonymous_20)
FN:101,(anonymous_21)
FN:127,(anonymous_22)
FN:127,(anonymous_23)
FNF:10
FNH:6
FNDA:0,(anonymous_14)
FNDA:0,(anonymous_15)
FNDA:3,(anonymous_16)
FNDA:3,(anonymous_17)
FNDA:0,(anonymous_18)
FNDA:0,(anonymous_19)
FNDA:3,(anonymous_20)
FNDA:3,(anonymous_21)
FNDA:3,(anonymous_22)
FNDA:3,(anonymous_23)
DA:2,1
DA:3,1
DA:4,1
DA:14,1
DA:15,0
DA:16,0
DA:17,0
DA:33,1
DA:34,3
DA:35,3
DA:36,3
DA:37,1
DA:39,2
DA:40,2
DA:41,1
DA:43,1
DA:59,1
DA:60,0
DA:61,0
DA:62,0
DA:65,0
DA:66,0
DA:68,0
DA:70,0
DA:71,0
DA:72,0
DA:73,0
DA:74,0
DA:77,0
DA:84,0
DA:100,1
DA:101,3
DA:102,3
DA:103,3
DA:104,1
DA:106,2
DA:107,2
DA:108,1
DA:110,1
DA:126,1
DA:127,3
DA:128,3
DA:129,3
DA:130,1
DA:132,2
DA:133,2
DA:134,1
DA:136,1
LF:48
LH:32
BRDA:35,0,0,0
BRDA:35,0,1,3
BRDA:35,1,0,3
BRDA:35,1,1,3
BRDA:36,2,0,1
BRDA:40,3,0,1
BRDA:61,4,0,0
BRDA:61,4,1,0
BRDA:61,5,0,0
BRDA:61,5,1,0
BRDA:61,6,0,0
BRDA:61,6,1,0
BRDA:62,7,0,0
BRDA:62,7,1,0
BRDA:65,8,0,0
BRDA:65,8,1,0
BRDA:66,9,0,0
BRDA:66,9,1,0
BRDA:70,10,0,0
BRDA:70,10,1,0
BRDA:73,11,0,0
BRDA:102,12,0,0
BRDA:102,12,1,3
BRDA:102,13,0,3
BRDA:102,13,1,3
BRDA:103,14,0,1
BRDA:107,15,0,1
BRDA:128,16,0,0
BRDA:128,16,1,3
BRDA:128,17,0,3
BRDA:128,17,1,3
BRDA:129,18,0,1
BRDA:133,19,0,1
BRF:33
BRH:15
end_of_record
TN:
SF:src/controllers/subscriptionController.ts
FN:13,(anonymous_14)
FN:13,(anonymous_15)
FN:27,(anonymous_16)
FN:27,(anonymous_17)
FN:46,(anonymous_18)
FN:46,(anonymous_19)
FN:65,(anonymous_20)
FN:65,(anonymous_21)
FN:84,(anonymous_22)
FN:84,(anonymous_23)
FNF:10
FNH:10
FNDA:1,(anonymous_14)
FNDA:1,(anonymous_15)
FNDA:1,(anonymous_16)
FNDA:1,(anonymous_17)
FNDA:2,(anonymous_18)
FNDA:2,(anonymous_19)
FNDA:2,(anonymous_20)
FNDA:2,(anonymous_21)
FNDA:2,(anonymous_22)
FNDA:2,(anonymous_23)
DA:2,1
DA:3,1
DA:4,1
DA:12,1
DA:13,1
DA:14,1
DA:15,1
DA:26,1
DA:27,1
DA:28,1
DA:29,1
DA:35,1
DA:45,1
DA:46,2
DA:47,2
DA:50,2
DA:51,1
DA:53,1
DA:64,1
DA:65,2
DA:66,2
DA:70,2
DA:71,1
DA:73,1
DA:83,1
DA:84,2
DA:85,2
DA:86,2
LF:28
LH:28
BRDA:30,0,0,1
BRDA:30,0,1,0
BRDA:31,1,0,1
BRDA:31,1,1,0
BRDA:32,2,0,1
BRDA:32,2,1,0
BRDA:33,3,0,1
BRDA:33,3,1,0
BRDA:50,4,0,1
BRDA:70,5,0,1
BRF:10
BRH:6
end_of_record
TN:
SF:src/controllers/userController.ts
FN:13,(anonymous_14)
FN:13,(anonymous_15)
FN:35,(anonymous_16)
FN:35,(anonymous_17)
FN:63,(anonymous_18)
FN:63,(anonymous_19)
FN:91,(anonymous_20)
FN:91,(anonymous_21)
FNF:8
FNH:6
FNDA:0,(anonymous_14)
FNDA:0,(anonymous_15)
FNDA:3,(anonymous_16)
FNDA:3,(anonymous_17)
FNDA:3,(anonymous_18)
FNDA:3,(anonymous_19)
FNDA:3,(anonymous_20)
FNDA:3,(anonymous_21)
DA:2,1
DA:3,1
DA:4,1
DA:12,1
DA:13,0
DA:14,0
DA:15,0
DA:16,0
DA:17,0
DA:19,0
DA:21,0
DA:34,1
DA:35,3
DA:36,3
DA:39,3
DA:40,1
DA:43,2
DA:45,2
DA:46,1
DA:49,1
DA:62,1
DA:63,3
DA:64,3
DA:65,3
DA:67,3
DA:68,1
DA:71,2
DA:73,2
DA:74,1
DA:77,1
DA:90,1
DA:91,3
DA:92,3
DA:95,3
DA:96,1
DA:99,2
DA:101,2
DA:102,1
DA:105,1
LF:39
LH:32
BRDA:39,0,0,1
BRDA:45,1,0,1
BRDA:67,2,0,1
BRDA:73,3,0,1
BRDA:95,4,0,1
BRDA:101,5,0,1
BRF:6
BRH:6
end_of_record
TN:
SF:src/models/authorModel.ts
FNF:0
FNH:0
DA:1,3
DA:9,3
DA:15,3
DA:17,3
LF:4
LH:4
BRF:0
BRH:0
end_of_record
TN:
SF:src/models/bookModel.ts
FNF:0
FNH:0
DA:1,3
DA:14,3
DA:40,3
DA:42,3
LF:4
LH:4
BRF:0
BRH:0
end_of_record
TN:
SF:src/models/genreModel.ts
FNF:0
FNH:0
DA:1,1
DA:9,1
DA:15,1
DA:17,1
LF:4
LH:4
BRF:0
BRH:0
end_of_record
TN:
SF:src/models/paymentModel.ts
FN:27,(anonymous_6)
FNF:1
FNH:0
FNDA:0,(anonymous_6)
DA:1,1
DA:2,1
DA:13,1
DA:27,1
DA:28,0
DA:29,0
DA:30,0
DA:31,0
DA:33,0
DA:36,0
DA:39,1
DA:41,1
LF:12
LH:6
BRDA:28,0,0,0
BRDA:30,1,0,0
BRDA:30,1,1,0
BRF:3
BRH:0
end_of_record
TN:
SF:src/models/publisherModel.ts
FNF:0
FNH:0
DA:1,1
DA:9,1
DA:15,1
DA:17,1
LF:4
LH:4
BRF:0
BRH:0
end_of_record
TN:
SF:src/models/reviewModel.ts
FNF:0
FNH:0
DA:1,1
DA:10,1
DA:27,1
DA:29,1
LF:4
LH:4
BRF:0
BRH:0
end_of_record
TN:
SF:src/models/subscriptionModel.ts
FNF:0
FNH:0
DA:1,1
DA:10,1
DA:17,1
DA:22,1
LF:4
LH:4
BRF:0
BRH:0
end_of_record
TN:
SF:src/models/userModel.ts
FN:36,(anonymous_14)
FN:48,(anonymous_16)
FNF:2
FNH:0
FNDA:0,(anonymous_14)
FNDA:0,(anonymous_16)
DA:1,1
DA:2,1
DA:19,1
DA:34,1
DA:37,0
DA:38,0
DA:39,0
DA:40,0
DA:41,0
DA:43,0
DA:48,1
DA:51,0
DA:54,1
DA:56,1
LF:14
LH:7
BRDA:37,0,0,0
BRF:1
BRH:0
end_of_record
TN:
SF:src/repositories/authorRepository.ts
FN:4,(anonymous_8)
FN:6,(anonymous_9)
FN:12,(anonymous_10)
FN:14,(anonymous_11)
FN:18,(anonymous_12)
FN:23,(anonymous_13)
FN:31,(anonymous_14)
FN:34,(anonymous_15)
FN:40,(anonymous_16)
FN:42,(anonymous_17)
FN:46,(anonymous_18)
FN:49,(anonymous_19)
FN:57,(anonymous_20)
FN:59,(anonymous_21)
FNF:14
FNH:12
FNDA:1,(anonymous_8)
FNDA:1,(anonymous_9)
FNDA:0,(anonymous_10)
FNDA:0,(anonymous_11)
FNDA:2,(anonymous_12)
FNDA:2,(anonymous_13)
FNDA:2,(anonymous_14)
FNDA:2,(anonymous_15)
FNDA:2,(anonymous_16)
FNDA:2,(anonymous_17)
FNDA:1,(anonymous_18)
FNDA:1,(anonymous_19)
FNDA:2,(anonymous_20)
FNDA:2,(anonymous_21)
DA:2,2
DA:4,2
DA:6,1
DA:7,1
DA:8,1
DA:9,1
DA:12,2
DA:14,0
DA:15,0
DA:18,2
DA:23,2
DA:24,2
DA:31,2
DA:34,2
DA:35,2
DA:40,2
DA:42,2
DA:43,2
DA:46,2
DA:49,1
DA:50,1
DA:57,2
DA:59,2
DA:60,2
LF:24
LH:22
BRF:0
BRH:0
end_of_record
TN:
SF:src/repositories/bookRepository.ts
FN:11,(anonymous_9)
FN:11,(anonymous_10)
FN:26,(anonymous_11)
FN:28,(anonymous_12)
FN:44,(anonymous_13)
FN:46,(anonymous_14)
FN:75,(anonymous_15)
FN:78,(anonymous_16)
FN:92,(anonymous_17)
FN:94,(anonymous_18)
FN:109,(anonymous_19)
FN:112,(anonymous_20)
FN:138,(anonymous_21)
FN:141,(anonymous_22)
FNF:14
FNH:12
FNDA:1,(anonymous_9)
FNDA:1,(anonymous_10)
FNDA:1,(anonymous_11)
FNDA:1,(anonymous_12)
FNDA:0,(anonymous_13)
FNDA:0,(anonymous_14)
FNDA:2,(anonymous_15)
FNDA:2,(anonymous_16)
FNDA:2,(anonymous_17)
FNDA:2,(anonymous_18)
FNDA:2,(anonymous_19)
FNDA:2,(anonymous_20)
FNDA:2,(anonymous_21)
FNDA:2,(anonymous_22)
DA:1,2
DA:2,2
DA:3,2
DA:11,2
DA:12,1
DA:13,1
DA:14,1
DA:16,0
DA:26,2
DA:28,1
DA:29,1
DA:30,1
DA:34,0
DA:44,2
DA:46,0
DA:47,0
DA:49,0
DA:50,0
DA:51,0
DA:53,0
DA:54,0
DA:60,0
DA:62,0
DA:64,0
DA:75,2
DA:78,2
DA:79,2
DA:80,2
DA:82,0
DA:92,2
DA:94,2
DA:95,2
DA:96,2
DA:98,0
DA:109,2
DA:112,2
DA:113,2
DA:117,0
DA:120,2
DA:121,2
DA:127,0
DA:138,2
DA:141,2
DA:142,2
DA:146,0
DA:149,2
DA:150,2
DA:156,0
LF:48
LH:30
BRDA:49,0,0,0
BRDA:49,0,1,0
BRDA:50,1,0,0
BRDA:50,1,1,0
BRDA:51,2,0,0
BRDA:51,2,1,0
BRDA:113,3,0,0
BRDA:114,4,0,2
BRDA:114,4,1,2
BRDA:142,5,0,0
BRDA:143,6,0,2
BRDA:143,6,1,2
BRF:12
BRH:4
end_of_record
TN:
SF:src/repositories/genreRepository.ts
FN:4,(anonymous_8)
FN:4,(anonymous_9)
FN:8,(anonymous_10)
FN:8,(anonymous_11)
FN:12,(anonymous_12)
FN:17,(anonymous_13)
FN:23,(anonymous_14)
FN:35,(anonymous_15)
FN:38,(anonymous_16)
FN:44,(anonymous_17)
FN:44,(anonymous_18)
FN:48,(anonymous_19)
FN:51,(anonymous_20)
FNF:13
FNH:0
FNDA:0,(anonymous_8)
FNDA:0,(anonymous_9)
FNDA:0,(anonymous_10)
FNDA:0,(anonymous_11)
FNDA:0,(anonymous_12)
FNDA:0,(anonymous_13)
FNDA:0,(anonymous_14)
FNDA:0,(anonymous_15)
FNDA:0,(anonymous_16)
FNDA:0,(anonymous_17)
FNDA:0,(anonymous_18)
FNDA:0,(anonymous_19)
FNDA:0,(anonymous_20)
DA:2,1
DA:4,1
DA:5,0
DA:8,1
DA:9,0
DA:12,1
DA:17,0
DA:18,0
DA:20,0
DA:21,0
DA:22,0
DA:23,0
DA:24,0
DA:25,0
DA:28,0
DA:35,1
DA:38,0
DA:39,0
DA:44,1
DA:45,0
DA:48,1
DA:51,0
DA:52,0
DA:60,0
LF:24
LH:7
BRDA:20,0,0,0
BRDA:20,0,1,0
BRDA:22,1,0,0
BRDA:22,1,1,0
BRDA:24,2,0,0
BRDA:24,3,0,0
BRDA:24,3,1,0
BRF:7
BRH:0
end_of_record
TN:
SF:src/repositories/paymentRepository.ts
FN:4,(anonymous_8)
FN:6,(anonymous_9)
FN:11,(anonymous_10)
FN:11,(anonymous_11)
FN:15,(anonymous_12)
FN:20,(anonymous_13)
FN:28,(anonymous_14)
FN:31,(anonymous_15)
FN:35,(anonymous_16)
FN:35,(anonymous_17)
FN:39,buildQuery
FNF:11
FNH:0
FNDA:0,(anonymous_8)
FNDA:0,(anonymous_9)
FNDA:0,(anonymous_10)
FNDA:0,(anonymous_11)
FNDA:0,(anonymous_12)
FNDA:0,(anonymous_13)
FNDA:0,(anonymous_14)
FNDA:0,(anonymous_15)
FNDA:0,(anonymous_16)
FNDA:0,(anonymous_17)
FNDA:0,buildQuery
DA:1,1
DA:4,1
DA:6,0
DA:7,0
DA:8,0
DA:11,1
DA:12,0
DA:15,1
DA:20,0
DA:21,0
DA:25,0
DA:28,1
DA:31,0
DA:32,0
DA:35,1
DA:36,0
DA:40,0
DA:42,0
DA:43,0
DA:45,0
DA:46,0
DA:49,0
LF:22
LH:6
BRDA:42,0,0,0
BRDA:45,1,0,0
BRF:2
BRH:0
end_of_record
TN:
SF:src/repositories/publisherRepository.ts
FN:4,(anonymous_8)
FN:4,(anonymous_9)
FN:8,(anonymous_10)
FN:8,(anonymous_11)
FN:11,(anonymous_12)
FN:16,(anonymous_13)
FN:24,(anonymous_14)
FN:27,(anonymous_15)
FN:31,(anonymous_16)
FN:31,(anonymous_17)
FN:35,(anonymous_18)
FN:38,(anonymous_19)
FNF:12
FNH:0
FNDA:0,(anonymous_8)
FNDA:0,(anonymous_9)
FNDA:0,(anonymous_10)
FNDA:0,(anonymous_11)
FNDA:0,(anonymous_12)
FNDA:0,(anonymous_13)
FNDA:0,(anonymous_14)
FNDA:0,(anonymous_15)
FNDA:0,(anonymous_16)
FNDA:0,(anonymous_17)
FNDA:0,(anonymous_18)
FNDA:0,(anonymous_19)
DA:2,1
DA:4,1
DA:5,0
DA:8,1
DA:9,0
DA:11,1
DA:16,0
DA:17,0
DA:24,1
DA:27,0
DA:28,0
DA:31,1
DA:32,0
DA:35,1
DA:38,0
DA:39,0
DA:44,0
LF:17
LH:7
BRF:0
BRH:0
end_of_record
TN:
SF:src/repositories/reviewRepository.ts
FN:4,(anonymous_8)
FN:4,(anonymous_9)
FN:10,(anonymous_10)
FN:10,(anonymous_11)
FN:14,(anonymous_12)
FN:19,(anonymous_13)
FN:27,(anonymous_14)
FN:30,(anonymous_15)
FN:36,(anonymous_16)
FN:36,(anonymous_17)
FNF:10
FNH:0
FNDA:0,(anonymous_8)
FNDA:0,(anonymous_9)
FNDA:0,(anonymous_10)
FNDA:0,(anonymous_11)
FNDA:0,(anonymous_12)
FNDA:0,(anonymous_13)
FNDA:0,(anonymous_14)
FNDA:0,(anonymous_15)
FNDA:0,(anonymous_16)
FNDA:0,(anonymous_17)
DA:1,1
DA:4,1
DA:5,0
DA:6,0
DA:7,0
DA:10,1
DA:11,0
DA:14,1
DA:19,0
DA:20,0
DA:27,1
DA:30,0
DA:31,0
DA:36,1
DA:37,0
LF:15
LH:6
BRF:0
BRH:0
end_of_record
TN:
SF:src/repositories/subscriptionRepository.ts
FN:5,(anonymous_8)
FN:5,(anonymous_9)
FN:10,(anonymous_10)
FN:15,(anonymous_11)
FN:26,(anonymous_12)
FN:26,(anonymous_13)
FN:31,(anonymous_14)
FN:34,(anonymous_15)
FN:42,(anonymous_16)
FN:42,(anonymous_17)
FNF:10
FNH:0
FNDA:0,(anonymous_8)
FNDA:0,(anonymous_9)
FNDA:0,(anonymous_10)
FNDA:0,(anonymous_11)
FNDA:0,(anonymous_12)
FNDA:0,(anonymous_13)
FNDA:0,(anonymous_14)
FNDA:0,(anonymous_15)
FNDA:0,(anonymous_16)
FNDA:0,(anonymous_17)
DA:1,1
DA:2,1
DA:3,1
DA:5,1
DA:6,0
DA:7,0
DA:10,1
DA:15,0
DA:16,0
DA:23,0
DA:26,1
DA:27,0
DA:28,0
DA:31,1
DA:34,0
DA:35,0
DA:36,0
DA:42,1
DA:43,0
DA:44,0
LF:20
LH:8
BRDA:27,0,0,0
BRDA:35,1,0,0
BRDA:43,2,0,0
BRF:3
BRH:0
end_of_record
TN:
SF:src/repositories/userRepository.ts
FN:4,(anonymous_8)
FN:4,(anonymous_9)
FN:10,(anonymous_10)
FN:10,(anonymous_11)
FN:14,(anonymous_12)
FN:14,(anonymous_13)
FN:18,(anonymous_14)
FN:23,(anonymous_15)
FN:27,(anonymous_16)
FN:30,(anonymous_17)
FN:34,(anonymous_18)
FN:34,(anonymous_19)
FN:39,(anonymous_20)
FN:43,(anonymous_21)
FN:52,(anonymous_22)
FN:54,(anonymous_23)
FN:61,(anonymous_24)
FN:64,(anonymous_25)
FN:72,(anonymous_26)
FN:72,(anonymous_27)
FNF:20
FNH:0
FNDA:0,(anonymous_8)
FNDA:0,(anonymous_9)
FNDA:0,(anonymous_10)
FNDA:0,(anonymous_11)
FNDA:0,(anonymous_12)
FNDA:0,(anonymous_13)
FNDA:0,(anonymous_14)
FNDA:0,(anonymous_15)
FNDA:0,(anonymous_16)
FNDA:0,(anonymous_17)
FNDA:0,(anonymous_18)
FNDA:0,(anonymous_19)
FNDA:0,(anonymous_20)
FNDA:0,(anonymous_21)
FNDA:0,(anonymous_22)
FNDA:0,(anonymous_23)
FNDA:0,(anonymous_24)
FNDA:0,(anonymous_25)
FNDA:0,(anonymous_26)
FNDA:0,(anonymous_27)
DA:1,1
DA:2,1
DA:4,1
DA:5,0
DA:6,0
DA:7,0
DA:10,1
DA:11,0
DA:14,1
DA:15,0
DA:18,1
DA:23,0
DA:24,0
DA:27,1
DA:30,0
DA:31,0
DA:34,1
DA:35,0
DA:36,0
DA:39,1
DA:43,0
DA:44,0
DA:45,0
DA:46,0
DA:47,0
DA:48,0
DA:49,0
DA:52,1
DA:54,0
DA:55,0
DA:61,1
DA:64,0
DA:65,0
DA:66,0
DA:67,0
DA:68,0
DA:69,0
DA:72,1
DA:73,0
DA:74,0
DA:75,0
DA:76,0
DA:77,0
LF:43
LH:12
BRDA:45,0,0,0
BRDA:66,1,0,0
BRDA:74,2,0,0
BRF:3
BRH:0
end_of_record
TN:
SF:src/services/authorService.ts
FN:6,(anonymous_13)
FN:8,(anonymous_14)
FN:15,(anonymous_15)
FN:17,(anonymous_16)
FN:34,(anonymous_17)
FN:45,(anonymous_18)
FN:77,(anonymous_19)
FN:80,(anonymous_20)
FN:89,(anonymous_21)
FN:91,(anonymous_22)
FN:100,(anonymous_23)
FN:103,(anonymous_24)
FNF:12
FNH:10
FNDA:1,(anonymous_13)
FNDA:1,(anonymous_14)
FNDA:0,(anonymous_15)
FNDA:0,(anonymous_16)
FNDA:2,(anonymous_17)
FNDA:2,(anonymous_18)
FNDA:2,(anonymous_19)
FNDA:2,(anonymous_20)
FNDA:2,(anonymous_21)
FNDA:2,(anonymous_22)
FNDA:1,(anonymous_23)
FNDA:1,(anonymous_24)
DA:1,2
DA:4,2
DA:6,2
DA:8,1
DA:9,1
DA:10,1
DA:12,1
DA:15,2
DA:17,0
DA:18,0
DA:19,0
DA:21,0
DA:22,0
DA:23,0
DA:24,0
DA:25,0
DA:27,0
DA:31,0
DA:34,2
DA:45,2
DA:46,2
DA:47,2
DA:48,1
DA:51,2
DA:52,2
DA:54,2
DA:60,2
DA:62,2
DA:63,2
DA:69,2
DA:70,2
DA:71,2
DA:74,2
DA:77,2
DA:80,2
DA:81,2
DA:82,2
DA:83,1
DA:86,2
DA:89,2
DA:91,2
DA:92,2
DA:93,2
DA:94,1
DA:97,2
DA:100,2
DA:103,1
DA:104,1
DA:105,1
DA:106,0
DA:109,1
LF:51
LH:40
BRDA:21,0,0,0
BRDA:23,1,0,0
BRDA:23,1,1,0
BRDA:36,2,0,2
BRDA:37,3,0,2
BRDA:38,4,0,2
BRDA:39,5,0,2
BRDA:47,6,0,1
BRDA:52,7,0,0
BRDA:52,7,1,2
BRDA:62,8,0,2
BRDA:82,9,0,1
BRDA:93,10,0,1
BRDA:105,11,0,0
BRF:14
BRH:9
end_of_record
TN:
SF:src/services/bookService.ts
FN:8,(anonymous_14)
FN:8,(anonymous_15)
FN:18,(anonymous_16)
FN:20,(anonymous_17)
FN:41,(anonymous_18)
FN:43,(anonymous_19)
FN:60,(anonymous_20)
FN:63,(anonymous_21)
FN:76,(anonymous_22)
FN:78,(anonymous_23)
FN:91,(anonymous_24)
FN:94,(anonymous_25)
FN:121,(anonymous_26)
FN:124,(anonymous_27)
FNF:14
FNH:12
FNDA:1,(anonymous_14)
FNDA:1,(anonymous_15)
FNDA:1,(anonymous_16)
FNDA:1,(anonymous_17)
FNDA:0,(anonymous_18)
FNDA:0,(anonymous_19)
FNDA:2,(anonymous_20)
FNDA:2,(anonymous_21)
FNDA:2,(anonymous_22)
FNDA:2,(anonymous_23)
FNDA:2,(anonymous_24)
FNDA:2,(anonymous_25)
FNDA:2,(anonymous_26)
FNDA:2,(anonymous_27)
DA:1,2
DA:2,2
DA:4,2
DA:5,2
DA:8,2
DA:9,1
DA:10,1
DA:11,1
DA:12,1
DA:14,0
DA:18,2
DA:20,1
DA:21,1
DA:22,1
DA:24,1
DA:25,1
DA:26,1
DA:27,1
DA:28,0
DA:29,0
DA:31,1
DA:34,0
DA:38,1
DA:41,2
DA:43,0
DA:44,0
DA:45,0
DA:47,0
DA:48,0
DA:49,0
DA:50,0
DA:52,0
DA:56,0
DA:60,2
DA:63,2
DA:64,2
DA:65,2
DA:66,2
DA:67,1
DA:69,2
DA:71,0
DA:76,2
DA:78,2
DA:79,2
DA:80,2
DA:81,2
DA:82,1
DA:84,2
DA:86,0
DA:91,2
DA:94,2
DA:95,2
DA:99,0
DA:102,2
DA:103,2
DA:107,2
DA:108,2
DA:110,0
DA:121,2
DA:124,2
DA:125,2
DA:129,0
DA:132,2
DA:133,2
DA:137,2
DA:138,2
DA:140,0
LF:67
LH:48
BRDA:24,0,0,1
BRDA:27,1,0,0
BRDA:27,1,1,1
BRDA:47,2,0,0
BRDA:66,3,0,1
BRDA:81,4,0,1
BRDA:95,5,0,0
BRDA:96,6,0,2
BRDA:96,6,1,2
BRDA:125,7,0,0
BRDA:126,8,0,2
BRDA:126,8,1,2
BRF:12
BRH:8
end_of_record
TN:
SF:src/services/genreService.ts
FN:6,(anonymous_13)
FN:6,(anonymous_14)
FN:13,(anonymous_15)
FN:13,(anonymous_16)
FN:28,(anonymous_17)
FN:33,(anonymous_18)
FN:49,(anonymous_19)
FN:52,(anonymous_20)
FN:61,(anonymous_21)
FN:61,(anonymous_22)
FN:70,(anonymous_23)
FN:73,(anonymous_24)
FNF:12
FNH:0
FNDA:0,(anonymous_13)
FNDA:0,(anonymous_14)
FNDA:0,(anonymous_15)
FNDA:0,(anonymous_16)
FNDA:0,(anonymous_17)
FNDA:0,(anonymous_18)
FNDA:0,(anonymous_19)
FNDA:0,(anonymous_20)
FNDA:0,(anonymous_21)
FNDA:0,(anonymous_22)
FNDA:0,(anonymous_23)
FNDA:0,(anonymous_24)
DA:3,1
DA:4,1
DA:6,1
DA:7,0
DA:8,0
DA:10,0
DA:13,1
DA:14,0
DA:15,0
DA:17,0
DA:18,0
DA:19,0
DA:20,0
DA:21,0
DA:25,0
DA:28,1
DA:33,0
DA:34,0
DA:37,0
DA:39,0
DA:40,0
DA:41,0
DA:42,0
DA:46,0
DA:49,1
DA:52,0
DA:53,0
DA:54,0
DA:55,0
DA:58,0
DA:61,1
DA:62,0
DA:63,0
DA:64,0
DA:67,0
DA:70,1
DA:73,0
DA:74,0
DA:75,0
DA:76,0
DA:79,0
LF:41
LH:8
BRDA:17,0,0,0
BRDA:19,1,0,0
BRDA:39,2,0,0
BRDA:41,3,0,0
BRDA:54,4,0,0
BRDA:63,5,0,0
BRDA:75,6,0,0
BRF:7
BRH:0
end_of_record
TN:
SF:src/services/paymentService.ts
FN:11,(anonymous_13)
FN:13,(anonymous_14)
FN:22,(anonymous_15)
FN:22,(anonymous_16)
FN:37,(anonymous_17)
FN:42,(anonymous_18)
FN:59,(anonymous_19)
FN:62,(anonymous_20)
FN:70,(anonymous_21)
FN:70,(anonymous_22)
FN:75,(anonymous_23)
FN:78,(anonymous_24)
FN:84,(anonymous_25)
FN:86,(anonymous_26)
FN:90,(anonymous_27)
FN:93,(anonymous_28)
FN:99,(anonymous_29)
FN:101,(anonymous_30)
FNF:18
FNH:0
FNDA:0,(anonymous_13)
FNDA:0,(anonymous_14)
FNDA:0,(anonymous_15)
FNDA:0,(anonymous_16)
FNDA:0,(anonymous_17)
FNDA:0,(anonymous_18)
FNDA:0,(anonymous_19)
FNDA:0,(anonymous_20)
FNDA:0,(anonymous_21)
FNDA:0,(anonymous_22)
FNDA:0,(anonymous_23)
FNDA:0,(anonymous_24)
FNDA:0,(anonymous_25)
FNDA:0,(anonymous_26)
FNDA:0,(anonymous_27)
FNDA:0,(anonymous_28)
FNDA:0,(anonymous_29)
FNDA:0,(anonymous_30)
DA:1,1
DA:3,1
DA:4,1
DA:8,1
DA:9,1
DA:11,1
DA:13,0
DA:14,0
DA:15,0
DA:17,0
DA:18,0
DA:19,0
DA:22,1
DA:23,0
DA:24,0
DA:26,0
DA:27,0
DA:28,0
DA:29,0
DA:33,0
DA:37,1
DA:42,0
DA:43,0
DA:49,0
DA:51,0
DA:52,0
DA:53,0
DA:56,0
DA:59,1
DA:62,0
DA:63,0
DA:64,0
DA:65,0
DA:67,0
DA:70,1
DA:71,0
DA:72,0
DA:75,1
DA:78,0
DA:79,0
DA:80,0
DA:81,0
DA:84,1
DA:86,0
DA:87,0
DA:90,1
DA:93,0
DA:94,0
DA:95,0
DA:96,0
DA:99,1
DA:101,0
DA:102,0
LF:53
LH:14
BRDA:26,0,0,0
BRDA:28,1,0,0
BRDA:51,2,0,0
BRDA:64,3,0,0
BRF:4
BRH:0
end_of_record
TN:
SF:src/services/publisherService.ts
FN:6,(anonymous_14)
FN:6,(anonymous_15)
FN:12,(anonymous_16)
FN:14,(anonymous_17)
FN:28,(anonymous_18)
FN:33,(anonymous_19)
FN:55,(anonymous_20)
FN:58,(anonymous_21)
FN:69,(anonymous_22)
FN:69,(anonymous_23)
FN:75,(anonymous_24)
FN:78,(anonymous_25)
FNF:12
FNH:0
FNDA:0,(anonymous_14)
FNDA:0,(anonymous_15)
FNDA:0,(anonymous_16)
FNDA:0,(anonymous_17)
FNDA:0,(anonymous_18)
FNDA:0,(anonymous_19)
FNDA:0,(anonymous_20)
FNDA:0,(anonymous_21)
FNDA:0,(anonymous_22)
FNDA:0,(anonymous_23)
FNDA:0,(anonymous_24)
FNDA:0,(anonymous_25)
DA:2,1
DA:3,1
DA:4,1
DA:6,1
DA:7,0
DA:8,0
DA:9,0
DA:12,1
DA:14,0
DA:15,0
DA:16,0
DA:18,0
DA:19,0
DA:20,0
DA:21,0
DA:25,0
DA:28,1
DA:33,0
DA:34,0
DA:40,0
DA:42,0
DA:43,0
DA:49,0
DA:52,0
DA:55,1
DA:58,0
DA:59,0
DA:63,0
DA:64,0
DA:66,0
DA:69,1
DA:70,0
DA:71,0
DA:72,0
DA:75,1
DA:78,0
DA:79,0
DA:84,0
DA:85,0
DA:87,0
LF:40
LH:9
BRDA:18,0,0,0
BRDA:20,1,0,0
BRDA:42,2,0,0
BRDA:63,3,0,0
BRDA:84,4,0,0
BRF:5
BRH:0
end_of_record
TN:
SF:src/services/reviewService.ts
FN:5,(anonymous_13)
FN:5,(anonymous_14)
FN:11,(anonymous_15)
FN:11,(anonymous_16)
FN:26,(anonymous_17)
FN:31,(anonymous_18)
FN:48,(anonymous_19)
FN:48,(anonymous_20)
FN:56,(anonymous_21)
FN:56,(anonymous_22)
FNF:10
FNH:0
FNDA:0,(anonymous_13)
FNDA:0,(anonymous_14)
FNDA:0,(anonymous_15)
FNDA:0,(anonymous_16)
FNDA:0,(anonymous_17)
FNDA:0,(anonymous_18)
FNDA:0,(anonymous_19)
FNDA:0,(anonymous_20)
FNDA:0,(anonymous_21)
FNDA:0,(anonymous_22)
DA:1,1
DA:2,1
DA:3,1
DA:5,1
DA:6,0
DA:7,0
DA:8,0
DA:11,1
DA:12,0
DA:13,0
DA:14,0
DA:16,0
DA:17,0
DA:18,0
DA:19,0
DA:23,0
DA:26,1
DA:31,0
DA:32,0
DA:38,0
DA:40,0
DA:41,0
DA:42,0
DA:45,0
DA:48,1
DA:49,0
DA:50,0
DA:51,0
DA:52,0
DA:54,0
DA:56,1
DA:57,0
DA:58,0
DA:59,0
DA:60,0
LF:35
LH:8
BRDA:16,0,0,0
BRDA:18,1,0,0
BRDA:40,2,0,0
BRDA:51,3,0,0
BRF:4
BRH:0
end_of_record
TN:
SF:src/services/subscriptionService.ts
FN:5,(anonymous_13)
FN:5,(anonymous_14)
FN:9,(anonymous_15)
FN:14,(anonymous_16)
FN:23,(anonymous_17)
FN:23,(anonymous_18)
FN:37,(anonymous_19)
FN:40,(anonymous_20)
FN:54,(anonymous_21)
FN:54,(anonymous_22)
FNF:10
FNH:0
FNDA:0,(anonymous_13)
FNDA:0,(anonymous_14)
FNDA:0,(anonymous_15)
FNDA:0,(anonymous_16)
FNDA:0,(anonymous_17)
FNDA:0,(anonymous_18)
FNDA:0,(anonymous_19)
FNDA:0,(anonymous_20)
FNDA:0,(anonymous_21)
FNDA:0,(anonymous_22)
DA:1,1
DA:3,1
DA:5,1
DA:6,0
DA:9,1
DA:14,0
DA:15,0
DA:23,1
DA:24,0
DA:25,0
DA:27,0
DA:28,0
DA:29,0
DA:30,0
DA:34,0
DA:37,1
DA:40,0
DA:41,0
DA:46,0
DA:47,0
DA:48,0
DA:51,0
DA:54,1
DA:55,0
DA:59,0
DA:60,0
DA:61,0
DA:64,0
LF:28
LH:7
BRDA:25,0,0,0
BRDA:25,0,1,0
BRDA:25,1,0,0
BRDA:25,1,1,0
BRDA:27,2,0,0
BRDA:29,3,0,0
BRDA:46,4,0,0
BRDA:59,5,0,0
BRF:8
BRH:0
end_of_record
TN:
SF:src/services/userService.ts
FN:15,(anonymous_14)
FN:21,(anonymous_15)
FN:27,(anonymous_16)
FN:32,(anonymous_17)
FN:54,(anonymous_18)
FN:54,(anonymous_19)
FN:77,(anonymous_20)
FN:77,(anonymous_21)
FN:82,(anonymous_22)
FN:82,(anonymous_23)
FN:101,(anonymous_24)
FN:101,(anonymous_25)
FN:115,(anonymous_26)
FN:119,(anonymous_27)
FN:138,(anonymous_28)
FN:140,(anonymous_29)
FN:156,(anonymous_30)
FN:156,(anonymous_31)
FN:170,(anonymous_32)
FN:170,(anonymous_33)
FN:184,(anonymous_34)
FN:189,(anonymous_35)
FN:201,(anonymous_36)
FN:201,(anonymous_37)
FN:209,(anonymous_38)
FN:209,(anonymous_39)
FN:216,(anonymous_40)
FN:216,(anonymous_41)
FN:220,(anonymous_42)
FN:220,(anonymous_43)
FN:228,(anonymous_44)
FN:228,(anonymous_45)
FNF:32
FNH:0
FNDA:0,(anonymous_14)
FNDA:0,(anonymous_15)
FNDA:0,(anonymous_16)
FNDA:0,(anonymous_17)
FNDA:0,(anonymous_18)
FNDA:0,(anonymous_19)
FNDA:0,(anonymous_20)
FNDA:0,(anonymous_21)
FNDA:0,(anonymous_22)
FNDA:0,(anonymous_23)
FNDA:0,(anonymous_24)
FNDA:0,(anonymous_25)
FNDA:0,(anonymous_26)
FNDA:0,(anonymous_27)
FNDA:0,(anonymous_28)
FNDA:0,(anonymous_29)
FNDA:0,(anonymous_30)
FNDA:0,(anonymous_31)
FNDA:0,(anonymous_32)
FNDA:0,(anonymous_33)
FNDA:0,(anonymous_34)
FNDA:0,(anonymous_35)
FNDA:0,(anonymous_36)
FNDA:0,(anonymous_37)
FNDA:0,(anonymous_38)
FNDA:0,(anonymous_39)
FNDA:0,(anonymous_40)
FNDA:0,(anonymous_41)
FNDA:0,(anonymous_42)
FNDA:0,(anonymous_43)
FNDA:0,(anonymous_44)
FNDA:0,(anonymous_45)
DA:1,1
DA:2,1
DA:3,1
DA:4,1
DA:5,1
DA:6,1
DA:7,1
DA:8,1
DA:9,1
DA:15,1
DA:16,0
DA:21,1
DA:22,0
DA:27,1
DA:32,0
DA:33,0
DA:34,0
DA:41,0
DA:43,0
DA:44,0
DA:49,0
DA:51,0
DA:54,1
DA:55,0
DA:56,0
DA:59,0
DA:60,0
DA:62,0
DA:63,0
DA:66,0
DA:67,0
DA:69,0
DA:70,0
DA:72,0
DA:74,0
DA:77,1
DA:78,0
DA:79,0
DA:82,1
DA:83,0
DA:84,0
DA:86,0
DA:87,0
DA:89,0
DA:95,0
DA:96,0
DA:98,0
DA:101,1
DA:102,0
DA:103,0
DA:105,0
DA:106,0
DA:107,0
DA:108,0
DA:110,0
DA:112,0
DA:115,1
DA:119,0
DA:120,0
DA:121,0
DA:123,0
DA:127,0
DA:128,0
DA:130,0
DA:131,0
DA:133,0
DA:135,0
DA:138,1
DA:140,0
DA:141,0
DA:147,0
DA:148,0
DA:151,0
DA:153,0
DA:156,1
DA:157,0
DA:158,0
DA:160,0
DA:161,0
DA:162,0
DA:164,0
DA:165,0
DA:167,0
DA:170,1
DA:171,0
DA:172,0
DA:174,0
DA:175,0
DA:176,0
DA:177,0
DA:181,0
DA:184,1
DA:189,0
DA:190,0
DA:191,0
DA:193,0
DA:194,0
DA:195,0
DA:198,0
DA:201,1
DA:202,0
DA:203,0
DA:204,0
DA:206,0
DA:209,1
DA:210,0
DA:211,0
DA:212,0
DA:216,1
DA:217,0
DA:220,1
DA:221,0
DA:222,0
DA:223,0
DA:225,0
DA:228,1
DA:229,0
DA:230,0
DA:231,0
DA:233,0
LF:120
LH:26
BRDA:55,0,0,0
BRDA:55,1,0,0
BRDA:55,1,1,0
BRDA:60,2,0,0
BRDA:62,3,0,0
BRDA:67,4,0,0
BRDA:84,5,0,0
BRDA:103,6,0,0
BRDA:121,7,0,0
BRDA:127,8,0,0
BRDA:147,9,0,0
BRDA:158,10,0,0
BRDA:174,11,0,0
BRDA:176,12,0,0
BRDA:193,13,0,0
BRDA:203,14,0,0
BRDA:222,15,0,0
BRDA:230,16,0,0
BRF:18
BRH:0
end_of_record
TN:
SF:src/tests/integration/testSetup.ts
FN:8,(anonymous_8)
FN:8,(anonymous_9)
FN:18,(anonymous_10)
FN:18,(anonymous_11)
FN:23,(anonymous_12)
FN:23,(anonymous_13)
FNF:6
FNH:6
FNDA:2,(anonymous_8)
FNDA:2,(anonymous_9)
FNDA:2,(anonymous_10)
FNDA:2,(anonymous_11)
FNDA:18,(anonymous_12)
FNDA:18,(anonymous_13)
DA:1,2
DA:2,2
DA:3,2
DA:4,2
DA:8,2
DA:9,2
DA:10,2
DA:11,2
DA:14,2
DA:15,2
DA:18,2
DA:19,2
DA:20,2
DA:23,18
DA:24,18
DA:25,18
DA:26,36
LF:17
LH:17
BRF:0
BRH:0
end_of_record
TN:
SF:src/utils/appError.ts
FN:5,(anonymous_0)
FNF:1
FNH:1
FNDA:66,(anonymous_0)
DA:5,66
DA:6,66
DA:8,66
DA:9,66
DA:11,66
DA:15,12
LF:6
LH:6
BRDA:8,0,0,64
BRDA:8,0,1,2
BRF:2
BRH:2
end_of_record
TN:
SF:src/utils/cache.ts
FNF:0
FNH:0
DA:1,10
DA:3,10
DA:5,10
DA:7,10
LF:4
LH:4
BRF:0
BRH:0
end_of_record
TN:
SF:src/utils/catchAsync.ts
FN:4,(anonymous_0)
FN:5,(anonymous_1)
FNF:2
FNH:2
FNDA:48,(anonymous_0)
FNDA:78,(anonymous_1)
DA:4,8
DA:5,48
DA:6,78
DA:9,8
LF:4
LH:4
BRF:0
BRH:0
end_of_record
TN:
SF:src/utils/emailUtils.ts
FN:15,(anonymous_8)
FN:27,(anonymous_9)
FN:39,(anonymous_10)
FN:53,(anonymous_11)
FN:57,(anonymous_12)
FN:66,(anonymous_13)
FN:69,(anonymous_14)
FN:74,(anonymous_15)
FN:77,(anonymous_16)
FN:82,(anonymous_17)
FN:86,(anonymous_18)
FNF:11
FNH:0
FNDA:0,(anonymous_8)
FNDA:0,(anonymous_9)
FNDA:0,(anonymous_10)
FNDA:0,(anonymous_11)
FNDA:0,(anonymous_12)
FNDA:0,(anonymous_13)
FNDA:0,(anonymous_14)
FNDA:0,(anonymous_15)
FNDA:0,(anonymous_16)
FNDA:0,(anonymous_17)
FNDA:0,(anonymous_18)
DA:1,1
DA:2,1
DA:4,1
DA:14,1
DA:15,0
DA:27,0
DA:39,0
DA:53,1
DA:57,0
DA:58,0
DA:63,0
DA:66,1
DA:69,0
DA:70,0
DA:71,0
DA:74,1
DA:77,0
DA:78,0
DA:79,0
DA:82,1
DA:86,0
DA:87,0
DA:88,0
LF:23
LH:8
BRF:0
BRH:0
end_of_record
TN:
SF:src/utils/flutterwave.ts
FN:6,(anonymous_8)
FN:10,(anonymous_9)
FN:32,(anonymous_10)
FN:32,(anonymous_11)
FNF:4
FNH:0
FNDA:0,(anonymous_8)
FNDA:0,(anonymous_9)
FNDA:0,(anonymous_10)
FNDA:0,(anonymous_11)
DA:1,1
DA:2,1
DA:4,1
DA:6,1
DA:10,0
DA:11,0
DA:29,0
DA:32,1
DA:33,0
DA:42,0
LF:10
LH:5
BRF:0
BRH:0
end_of_record
TN:
SF:src/utils/paystack.ts
FN:6,(anonymous_8)
FN:10,(anonymous_9)
FN:29,(anonymous_10)
FN:29,(anonymous_11)
FNF:4
FNH:0
FNDA:0,(anonymous_8)
FNDA:0,(anonymous_9)
FNDA:0,(anonymous_10)
FNDA:0,(anonymous_11)
DA:1,1
DA:2,1
DA:4,1
DA:6,1
DA:10,0
DA:11,0
DA:12,0
DA:22,0
DA:24,0
DA:29,1
DA:30,0
DA:39,0
LF:12
LH:5
BRF:0
BRH:0
end_of_record
TN:
SF:src/utils/referenceTag.ts
FN:3,(anonymous_0)
FNF:1
FNH:0
FNDA:0,(anonymous_0)
DA:1,1
DA:3,1
DA:4,0
DA:5,0
LF:4
LH:2
BRF:0
BRH:0
end_of_record
TN:
SF:src/utils/testHelpers.ts
FN:3,(anonymous_0)
FN:10,(anonymous_1)
FNF:2
FNH:2
FNDA:67,(anonymous_0)
FNDA:67,(anonymous_1)
DA:3,67
DA:10,7
DA:11,67
DA:12,67
DA:13,67
DA:14,67
DA:15,67
LF:7
LH:7
BRF:0
BRH:0
end_of_record
